[11:46:21] [ServerMain/INFO]: [bootstrap] Running Java 21 (OpenJDK 64-Bit Server VM 21.0.6+7-LTS; Microsoft Microsoft-10800198) on Linux 6.8.0-1027-azure (amd64)
[11:46:21] [ServerMain/INFO]: [bootstrap] Loading Paper 1.21.1-133-ver/1.21.1@3cb8529 (2025-03-28T16:14:36Z) for Minecraft 1.21.1
[11:46:22] [ServerMain/INFO]: [PluginInitializerManager] Initializing plugins...
[11:46:22] [Paper Plugin Remapper Thread - 2/INFO]: [PluginRemapper] Remapping plugin 'plugins/CleanPing.jar'...
[11:46:23] [Paper Plugin Remapper Thread - 2/INFO]: [PluginRemapper] Done remapping plugin 'plugins/CleanPing.jar' in 838ms.
[11:46:24] [ServerMain/INFO]: [PluginInitializerManager] Initialized 26 plugins
[11:46:24] [ServerMain/INFO]: [PluginInitializerManager] Paper plugins (2):
 - CrazyCrates (4.0.6), EconomyShopGUI (6.12.2)
[11:46:24] [ServerMain/INFO]: [PluginInitializerManager] Bukkit plugins (24):
 - Chunky (1.4.36), Citizens (2.0.35-SNAPSHOT (build 3578)), CleanPing (1.6.1), DecentHolograms (2.8.17), DeluxeHub (3.6.0), Essentials (2.21.0), EssentialsChat (2.21.0), EssentialsSpawn (2.21.1-dev+15-fe43017), LuckPerms (5.4.164), Multiverse-Core (4.3.16), Multiverse-Inventories (4.2.8), Multiverse-Portals (4.2.3), PlaceholderAPI (2.11.6), PlayerAuctions (1.30.2), RealScoreboard (1.5.4), Shopkeepers (2.23.5), SuperiorSkyblock2 (2025.1), TAB (5.2.0), TextGenerator (1.0.5), Vault (1.7.3-b131), VoidTeleport (2.4.5), WorldEdit (7.3.10-beta-01+cb9fd58), WorldGuard (7.0.12+829a4a4), ajLeaderboards (2.10.1-b261)
[11:46:30] [ServerMain/INFO]: Environment: Environment[sessionHost=https://sessionserver.mojang.com, servicesHost=https://api.minecraftservices.com, name=PROD]
[11:46:33] [ServerMain/INFO]: Loaded 1290 recipes
[11:46:34] [ServerMain/INFO]: Loaded 1399 advancements
[11:46:34] [Server thread/INFO]: Starting minecraft server version 1.21.1
[11:46:34] [Server thread/INFO]: Loading properties
[11:46:34] [Server thread/INFO]: This server is running Paper version 1.21.1-133-ver/1.21.1@3cb8529 (2025-03-28T16:14:36Z) (Implementing API version 1.21.1-R0.1-SNAPSHOT)
[11:46:35] [Server thread/INFO]: [spark] This server bundles the spark profiler. For more information please visit https://docs.papermc.io/paper/profiling
[11:46:36] [Server thread/INFO]: Server Ping Player Sample Count: 12
[11:46:36] [Server thread/INFO]: Using 4 threads for Netty based IO
[11:46:37] [Server thread/INFO]: [ChunkTaskScheduler] Chunk system is using 1 I/O threads, 1 worker threads, and population gen parallelism of 1 threads
[11:46:37] [Server thread/INFO]: Default game type: SURVIVAL
[11:46:37] [Server thread/INFO]: Generating keypair
[11:46:37] [Server thread/INFO]: Starting Minecraft server on *:25565
[11:46:37] [Server thread/INFO]: Using epoll channel type
[11:46:37] [Server thread/INFO]: Paper: Using libdeflate (Linux x86_64) compression from Velocity.
[11:46:37] [Server thread/INFO]: Paper: Using OpenSSL 1.1.x (Linux x86_64) cipher from Velocity.
[11:46:38] [Server thread/INFO]: [SpigotLibraryLoader] [SuperiorSkyblock2] Loading 1 libraries... please wait
[11:46:38] [Server thread/INFO]: [SpigotLibraryLoader] [SuperiorSkyblock2] Loaded library /workspaces/GitHaven-/libraries/org/openjdk/nashorn/nashorn-core/15.4/nashorn-core-15.4.jar
[11:46:38] [Server thread/INFO]: [SpigotLibraryLoader] [SuperiorSkyblock2] Loaded library /workspaces/GitHaven-/libraries/org/ow2/asm/asm/7.3.1/asm-7.3.1.jar
[11:46:38] [Server thread/INFO]: [SpigotLibraryLoader] [SuperiorSkyblock2] Loaded library /workspaces/GitHaven-/libraries/org/ow2/asm/asm-commons/7.3.1/asm-commons-7.3.1.jar
[11:46:38] [Server thread/INFO]: [SpigotLibraryLoader] [SuperiorSkyblock2] Loaded library /workspaces/GitHaven-/libraries/org/ow2/asm/asm-analysis/7.3.1/asm-analysis-7.3.1.jar
[11:46:38] [Server thread/INFO]: [SpigotLibraryLoader] [SuperiorSkyblock2] Loaded library /workspaces/GitHaven-/libraries/org/ow2/asm/asm-tree/7.3.1/asm-tree-7.3.1.jar
[11:46:38] [Server thread/INFO]: [SpigotLibraryLoader] [SuperiorSkyblock2] Loaded library /workspaces/GitHaven-/libraries/org/ow2/asm/asm-util/7.3.1/asm-util-7.3.1.jar
[11:46:41] [Server thread/INFO]: [LuckPerms] Loading server plugin LuckPerms v5.4.164
[11:46:42] [Server thread/INFO]: [SuperiorSkyblock2] Loading server plugin SuperiorSkyblock2 v2025.1
[11:46:43] [Server thread/INFO]: [Vault] Loading server plugin Vault v1.7.3-b131
[11:46:43] [Server thread/INFO]: [Multiverse-Core] Loading server plugin Multiverse-Core v4.3.16
[11:46:43] [Server thread/INFO]: [PlaceholderAPI] Loading server plugin PlaceholderAPI v2.11.6
[11:46:43] [Server thread/INFO]: [WorldEdit] Loading server plugin WorldEdit v7.3.10-beta-01+cb9fd58
[11:46:44] [Server thread/INFO]: Got request to register class com.sk89q.worldedit.bukkit.BukkitServerInterface with WorldEdit [com.sk89q.worldedit.extension.platform.PlatformManager@2a4d432e]
[11:46:44] [Server thread/INFO]: [DeluxeHub] Loading server plugin DeluxeHub v3.6.0
[11:46:44] [Server thread/INFO]: [WorldGuard] Loading server plugin WorldGuard v7.0.12+829a4a4
[11:46:44] [Server thread/INFO]: [Essentials] Loading server plugin Essentials v2.21.0
[11:46:44] [Server thread/INFO]: [Citizens] Loading server plugin Citizens v2.0.35-SNAPSHOT (build 3578)
[11:46:44] [Server thread/INFO]: [DecentHolograms] Loading server plugin DecentHolograms v2.8.17
[11:46:44] [Server thread/INFO]: [EssentialsChat] Loading server plugin EssentialsChat v2.21.0
[11:46:44] [Server thread/INFO]: [TAB] Loading server plugin TAB v5.2.0
[11:46:44] [Server thread/INFO]: [Shopkeepers] Loading server plugin Shopkeepers v2.23.5
[11:46:45] [Server thread/INFO]: [Shopkeepers] Loaded all plugin classes (686 ms).
[11:46:45] [Server thread/INFO]: [Shopkeepers] Compatibility provider loaded: 1_21_R2
[11:46:45] [Server thread/INFO]: [Shopkeepers] Loading config.
[11:46:45] [Server thread/WARN]: [Shopkeepers] Config: Invalid living entity type name in 'enabled-living-shops': CREAKING
[11:46:45] [Server thread/WARN]: [Shopkeepers] Config: All existing entity type names can be found here: https://hub.spigotmc.org/javadocs/spigot/org/bukkit/entity/EntityType.html
[11:46:45] [Server thread/INFO]: [Shopkeepers] Loading language file: language-en-default.yml
[11:46:45] [Server thread/WARN]: [Shopkeepers] Config: Invalid living entity type name in 'enabled-living-shops': CREAKING
[11:46:45] [Server thread/WARN]: [Shopkeepers] Config: All existing entity type names can be found here: https://hub.spigotmc.org/javadocs/spigot/org/bukkit/entity/EntityType.html
[11:46:45] [Server thread/INFO]: [Shopkeepers] Registering WorldGuard flag 'allow-shop'.
[11:46:45] [Server thread/INFO]: [Shopkeepers] Registering defaults.
[11:46:45] [Server thread/INFO]: [ajLeaderboards] Loading server plugin ajLeaderboards v2.10.1-b261
[11:46:46] [Server thread/INFO]: [ajLeaderboards] Resolved gson @ https://repo1.maven.org/maven2/com/google/code/gson/gson/2.8.6/gson-2.8.6.jar
[11:46:46] [Server thread/INFO]: [ajLeaderboards] Downloading gson...
[11:46:47] [Server thread/INFO]: [ajLeaderboards] Verifying checksum for gson
[11:46:47] [Server thread/INFO]: [ajLeaderboards] Resolved checksum URL for gson as https://repo1.maven.org/maven2/com/google/code/gson/gson/2.8.6/gson-2.8.6.jar.sha1
[11:46:47] [Server thread/INFO]: [ajLeaderboards] Downloaded checksum for gson
[11:46:47] [Server thread/INFO]: [ajLeaderboards] Checksum matched for gson
[11:46:47] [Server thread/INFO]: [ajLeaderboards] Downloaded gson successfully!
[11:46:48] [Server thread/INFO]: [ajLeaderboards] Resolved jar-relocator @ https://repo1.maven.org/maven2/me/lucko/jar-relocator/1.4/jar-relocator-1.4.jar
[11:46:48] [Server thread/INFO]: [ajLeaderboards] Downloading jar-relocator...
[11:46:48] [Server thread/INFO]: [ajLeaderboards] Verifying checksum for jar-relocator
[11:46:48] [Server thread/INFO]: [ajLeaderboards] Resolved checksum URL for jar-relocator as https://repo1.maven.org/maven2/me/lucko/jar-relocator/1.4/jar-relocator-1.4.jar.sha1
[11:46:48] [Server thread/INFO]: [ajLeaderboards] Downloaded checksum for jar-relocator
[11:46:48] [Server thread/INFO]: [ajLeaderboards] Checksum matched for jar-relocator
[11:46:48] [Server thread/INFO]: [ajLeaderboards] Downloaded jar-relocator successfully!
[11:46:49] [Server thread/INFO]: [ajLeaderboards] Resolved asm @ https://repo1.maven.org/maven2/org/ow2/asm/asm/9.1/asm-9.1.jar
[11:46:49] [Server thread/INFO]: [ajLeaderboards] Downloading asm...
[11:46:49] [Server thread/INFO]: [ajLeaderboards] Verifying checksum for asm
[11:46:49] [Server thread/INFO]: [ajLeaderboards] Resolved checksum URL for asm as https://repo1.maven.org/maven2/org/ow2/asm/asm/9.1/asm-9.1.jar.sha1
[11:46:49] [Server thread/INFO]: [ajLeaderboards] Downloaded checksum for asm
[11:46:49] [Server thread/INFO]: [ajLeaderboards] Checksum matched for asm
[11:46:49] [Server thread/INFO]: [ajLeaderboards] Downloaded asm successfully!
[11:46:50] [Server thread/INFO]: [ajLeaderboards] Resolved asm-commons @ https://repo1.maven.org/maven2/org/ow2/asm/asm-commons/9.1/asm-commons-9.1.jar
[11:46:50] [Server thread/INFO]: [ajLeaderboards] Downloading asm-commons...
[11:46:50] [Server thread/INFO]: [ajLeaderboards] Verifying checksum for asm-commons
[11:46:50] [Server thread/INFO]: [ajLeaderboards] Resolved checksum URL for asm-commons as https://repo1.maven.org/maven2/org/ow2/asm/asm-commons/9.1/asm-commons-9.1.jar.sha1
[11:46:50] [Server thread/INFO]: [ajLeaderboards] Downloaded checksum for asm-commons
[11:46:50] [Server thread/INFO]: [ajLeaderboards] Checksum matched for asm-commons
[11:46:50] [Server thread/INFO]: [ajLeaderboards] Downloaded asm-commons successfully!
[11:46:51] [Server thread/INFO]: [ajLeaderboards] Verifying checksum for gson
[11:46:51] [Server thread/INFO]: [ajLeaderboards] Checksum matched for gson
[11:46:51] [Server thread/INFO]: [ajLeaderboards] Downloading HikariCP...
[11:46:51] [Server thread/INFO]: [ajLeaderboards] Verifying checksum for HikariCP
[11:46:51] [Server thread/INFO]: [ajLeaderboards] Resolved checksum URL for HikariCP as https://repo.maven.apache.org/maven2/com/zaxxer/HikariCP/3.4.5/HikariCP-3.4.5.jar.sha1
[11:46:51] [Server thread/INFO]: [ajLeaderboards] Downloaded checksum for HikariCP
[11:46:51] [Server thread/INFO]: [ajLeaderboards] Checksum matched for HikariCP
[11:46:51] [Server thread/INFO]: [ajLeaderboards] Downloaded HikariCP successfully!
[11:46:51] [Server thread/INFO]: [ajLeaderboards] Downloading slf4j-api...
[11:46:51] [Server thread/INFO]: [ajLeaderboards] Verifying checksum for slf4j-api
[11:46:51] [Server thread/INFO]: [ajLeaderboards] Resolved checksum URL for slf4j-api as https://repo.maven.apache.org/maven2/org/slf4j/slf4j-api/1.7.25/slf4j-api-1.7.25.jar.sha1
[11:46:51] [Server thread/INFO]: [ajLeaderboards] Downloaded checksum for slf4j-api
[11:46:51] [Server thread/INFO]: [ajLeaderboards] Checksum matched for slf4j-api
[11:46:51] [Server thread/INFO]: [ajLeaderboards] Downloaded slf4j-api successfully!
[11:46:51] [Server thread/INFO]: [ajLeaderboards] Downloading h2...
[11:46:51] [Server thread/INFO]: [ajLeaderboards] Verifying checksum for h2
[11:46:51] [Server thread/INFO]: [ajLeaderboards] Resolved checksum URL for h2 as https://repo.maven.apache.org/maven2/com/h2database/h2/2.1.214/h2-2.1.214.jar.sha1
[11:46:51] [Server thread/INFO]: [ajLeaderboards] Downloaded checksum for h2
[11:46:51] [Server thread/INFO]: [ajLeaderboards] Checksum matched for h2
[11:46:51] [Server thread/INFO]: [ajLeaderboards] Downloaded h2 successfully!
[11:46:53] [Server thread/INFO]: [ajLeaderboards] Downloading okhttp...
[11:46:53] [Server thread/INFO]: [ajLeaderboards] Verifying checksum for okhttp
[11:46:53] [Server thread/INFO]: [ajLeaderboards] Resolved checksum URL for okhttp as https://repo.maven.apache.org/maven2/com/squareup/okhttp3/okhttp/4.11.0/okhttp-4.11.0.jar.sha1
[11:46:53] [Server thread/INFO]: [ajLeaderboards] Downloaded checksum for okhttp
[11:46:53] [Server thread/INFO]: [ajLeaderboards] Checksum matched for okhttp
[11:46:53] [Server thread/INFO]: [ajLeaderboards] Downloaded okhttp successfully!
[11:46:54] [Server thread/INFO]: [ajLeaderboards] Downloading okio...
[11:46:54] [Server thread/INFO]: [ajLeaderboards] Verifying checksum for okio
[11:46:54] [Server thread/INFO]: [ajLeaderboards] Resolved checksum URL for okio as https://repo.maven.apache.org/maven2/com/squareup/okio/okio/3.2.0/okio-3.2.0.jar.sha1
[11:46:54] [Server thread/INFO]: [ajLeaderboards] Downloaded checksum for okio
[11:46:54] [Server thread/INFO]: [ajLeaderboards] Checksum matched for okio
[11:46:54] [Server thread/INFO]: [ajLeaderboards] Downloaded okio successfully!
[11:46:54] [Server thread/INFO]: [ajLeaderboards] Downloading okio-jvm...
[11:46:54] [Server thread/INFO]: [ajLeaderboards] Verifying checksum for okio-jvm
[11:46:54] [Server thread/INFO]: [ajLeaderboards] Resolved checksum URL for okio-jvm as https://repo.maven.apache.org/maven2/com/squareup/okio/okio-jvm/3.2.0/okio-jvm-3.2.0.jar.sha1
[11:46:54] [Server thread/INFO]: [ajLeaderboards] Downloaded checksum for okio-jvm
[11:46:54] [Server thread/INFO]: [ajLeaderboards] Checksum matched for okio-jvm
[11:46:54] [Server thread/INFO]: [ajLeaderboards] Downloaded okio-jvm successfully!
[11:46:54] [Server thread/INFO]: [ajLeaderboards] Downloading kotlin-stdlib-jdk8...
[11:46:54] [Server thread/INFO]: [ajLeaderboards] Verifying checksum for kotlin-stdlib-jdk8
[11:46:54] [Server thread/INFO]: [ajLeaderboards] Resolved checksum URL for kotlin-stdlib-jdk8 as https://repo.maven.apache.org/maven2/org/jetbrains/kotlin/kotlin-stdlib-jdk8/1.6.20/kotlin-stdlib-jdk8-1.6.20.jar.sha1
[11:46:54] [Server thread/INFO]: [ajLeaderboards] Downloaded checksum for kotlin-stdlib-jdk8
[11:46:54] [Server thread/INFO]: [ajLeaderboards] Checksum matched for kotlin-stdlib-jdk8
[11:46:54] [Server thread/INFO]: [ajLeaderboards] Downloaded kotlin-stdlib-jdk8 successfully!
[11:46:54] [Server thread/INFO]: [ajLeaderboards] Downloading kotlin-stdlib...
[11:46:54] [Server thread/INFO]: [ajLeaderboards] Verifying checksum for kotlin-stdlib
[11:46:54] [Server thread/INFO]: [ajLeaderboards] Resolved checksum URL for kotlin-stdlib as https://repo.maven.apache.org/maven2/org/jetbrains/kotlin/kotlin-stdlib/1.6.20/kotlin-stdlib-1.6.20.jar.sha1
[11:46:54] [Server thread/INFO]: [ajLeaderboards] Downloaded checksum for kotlin-stdlib
[11:46:54] [Server thread/INFO]: [ajLeaderboards] Checksum matched for kotlin-stdlib
[11:46:54] [Server thread/INFO]: [ajLeaderboards] Downloaded kotlin-stdlib successfully!
[11:46:55] [Server thread/INFO]: [ajLeaderboards] Downloading kotlin-stdlib-common...
[11:46:55] [Server thread/INFO]: [ajLeaderboards] Verifying checksum for kotlin-stdlib-common
[11:46:55] [Server thread/INFO]: [ajLeaderboards] Resolved checksum URL for kotlin-stdlib-common as https://repo.maven.apache.org/maven2/org/jetbrains/kotlin/kotlin-stdlib-common/1.6.20/kotlin-stdlib-common-1.6.20.jar.sha1
[11:46:55] [Server thread/INFO]: [ajLeaderboards] Downloaded checksum for kotlin-stdlib-common
[11:46:55] [Server thread/INFO]: [ajLeaderboards] Checksum matched for kotlin-stdlib-common
[11:46:55] [Server thread/INFO]: [ajLeaderboards] Downloaded kotlin-stdlib-common successfully!
[11:46:55] [Server thread/INFO]: [ajLeaderboards] Downloading annotations...
[11:46:55] [Server thread/INFO]: [ajLeaderboards] Verifying checksum for annotations
[11:46:55] [Server thread/INFO]: [ajLeaderboards] Resolved checksum URL for annotations as https://repo.maven.apache.org/maven2/org/jetbrains/annotations/13.0/annotations-13.0.jar.sha1
[11:46:55] [Server thread/INFO]: [ajLeaderboards] Downloaded checksum for annotations
[11:46:55] [Server thread/INFO]: [ajLeaderboards] Checksum matched for annotations
[11:46:55] [Server thread/INFO]: [ajLeaderboards] Downloaded annotations successfully!
[11:46:55] [Server thread/INFO]: [ajLeaderboards] Downloading kotlin-stdlib-jdk7...
[11:46:55] [Server thread/INFO]: [ajLeaderboards] Verifying checksum for kotlin-stdlib-jdk7
[11:46:55] [Server thread/INFO]: [ajLeaderboards] Resolved checksum URL for kotlin-stdlib-jdk7 as https://repo.maven.apache.org/maven2/org/jetbrains/kotlin/kotlin-stdlib-jdk7/1.6.20/kotlin-stdlib-jdk7-1.6.20.jar.sha1
[11:46:55] [Server thread/INFO]: [ajLeaderboards] Downloaded checksum for kotlin-stdlib-jdk7
[11:46:55] [Server thread/INFO]: [ajLeaderboards] Checksum matched for kotlin-stdlib-jdk7
[11:46:55] [Server thread/INFO]: [ajLeaderboards] Downloaded kotlin-stdlib-jdk7 successfully!
[11:46:55] [Server thread/INFO]: [VoidTeleport] Loading server plugin VoidTeleport v2.4.5
[11:46:55] [Server thread/INFO]: [CleanPing] Loading server plugin CleanPing v1.6.1
[11:46:55] [Server thread/INFO]: [Multiverse-Inventories] Loading server plugin Multiverse-Inventories v4.2.8
[11:46:55] [Server thread/INFO]: [Chunky] Loading server plugin Chunky v1.4.36
[11:46:55] [Server thread/INFO]: [Multiverse-Portals] Loading server plugin Multiverse-Portals v4.2.3
[11:46:55] [Server thread/INFO]: [EssentialsSpawn] Loading server plugin EssentialsSpawn v2.21.1-dev+15-fe43017
[11:46:55] [Server thread/INFO]: [CrazyCrates] Loading server plugin CrazyCrates v4.0.6
[11:46:55] [Server thread/INFO]: [TextGenerator] Loading server plugin TextGenerator v1.0.5
[11:46:55] [Server thread/INFO]: [EconomyShopGUI] Loading server plugin EconomyShopGUI v6.12.2
[11:46:55] [Server thread/INFO]: [RealScoreboard] Loading server plugin RealScoreboard v1.5.4
[11:46:55] [Server thread/INFO]: [PlayerAuctions] Loading server plugin PlayerAuctions v1.30.2
[11:46:56] [Server thread/INFO]: Server permissions file permissions.yml is empty, ignoring it
[11:46:56] [Server thread/INFO]: [LuckPerms] Enabling LuckPerms v5.4.164
[11:46:57] [Server thread/INFO]:         __    
[11:46:57] [Server thread/INFO]:   |    |__)   LuckPerms v5.4.164
[11:46:57] [Server thread/INFO]:   |___ |      Running on Bukkit - Paper
[11:46:57] [Server thread/INFO]: 
[11:46:57] [Server thread/INFO]: [LuckPerms] Loading configuration...
[11:46:58] [Server thread/INFO]: [LuckPerms] Loading storage provider... [H2]
[11:46:59] [Server thread/INFO]: [LuckPerms] Loading internal permission managers...
[11:46:59] [Server thread/INFO]: [LuckPerms] Performing initial data load...
[11:46:59] [Server thread/INFO]: [LuckPerms] Successfully enabled. (took 3627ms)
[11:46:59] [Server thread/INFO]: [Vault] Enabling Vault v1.7.3-b131
[11:47:00] [Server thread/INFO]: [Vault] [Economy] Essentials Economy found: Waiting
[11:47:00] [Server thread/INFO]: [Vault] [Permission] SuperPermissions loaded as backup permission system.
[11:47:00] [Server thread/INFO]: [Vault] Enabled Version 1.7.3-b131
[11:47:00] [Server thread/INFO]: [LuckPerms] Registered Vault permission & chat hook.
[11:47:00] [Server thread/INFO]: [WorldEdit] Enabling WorldEdit v7.3.10-beta-01+cb9fd58
[11:47:00] [Server thread/INFO]: Registering commands with com.sk89q.worldedit.bukkit.BukkitServerInterface
[11:47:00] [Server thread/INFO]: WEPIF: Vault detected! Using Vault for permissions
[11:47:00] [Server thread/INFO]: Using com.sk89q.worldedit.bukkit.adapter.impl.v1_21.PaperweightAdapter as the Bukkit adapter
[11:47:03] [Server thread/INFO]: Preparing level "lobby-githaven"
[11:47:03] [Server thread/INFO]: -------- World Settings For [lobby-githaven] --------
[11:47:03] [Server thread/INFO]: Cactus Growth Modifier: 100%
[11:47:03] [Server thread/INFO]: Cane Growth Modifier: 100%
[11:47:03] [Server thread/INFO]: Melon Growth Modifier: 100%
[11:47:03] [Server thread/INFO]: Mushroom Growth Modifier: 100%
[11:47:03] [Server thread/INFO]: Pumpkin Growth Modifier: 100%
[11:47:03] [Server thread/INFO]: Sapling Growth Modifier: 100%
[11:47:03] [Server thread/INFO]: Beetroot Growth Modifier: 100%
[11:47:03] [Server thread/INFO]: Carrot Growth Modifier: 100%
[11:47:03] [Server thread/INFO]: Potato Growth Modifier: 100%
[11:47:03] [Server thread/INFO]: TorchFlower Growth Modifier: 100%
[11:47:03] [Server thread/INFO]: Wheat Growth Modifier: 100%
[11:47:03] [Server thread/INFO]: NetherWart Growth Modifier: 100%
[11:47:03] [Server thread/INFO]: Vine Growth Modifier: 100%
[11:47:03] [Server thread/INFO]: Cocoa Growth Modifier: 100%
[11:47:03] [Server thread/INFO]: Bamboo Growth Modifier: 100%
[11:47:03] [Server thread/INFO]: SweetBerry Growth Modifier: 100%
[11:47:03] [Server thread/INFO]: Kelp Growth Modifier: 100%
[11:47:03] [Server thread/INFO]: TwistingVines Growth Modifier: 100%
[11:47:03] [Server thread/INFO]: WeepingVines Growth Modifier: 100%
[11:47:03] [Server thread/INFO]: CaveVines Growth Modifier: 100%
[11:47:03] [Server thread/INFO]: GlowBerry Growth Modifier: 100%
[11:47:03] [Server thread/INFO]: PitcherPlant Growth Modifier: 100%
[11:47:03] [Server thread/INFO]: Entity Activation Range: An 32 / Mo 32 / Ra 48 / Mi 16 / Tiv true / Isa false
[11:47:03] [Server thread/INFO]: Entity Tracking Range: Pl 48 / An 48 / Mo 48 / Mi 32 / Di 128 / Other 64
[11:47:03] [Server thread/INFO]: Hopper Transfer: 8 Hopper Check: 1 Hopper Amount: 1 Hopper Can Load Chunks: false
[11:47:03] [Server thread/INFO]: Custom Map Seeds:  Village: 10387312 Desert: 14357617 Igloo: 14357618 Jungle: 14357619 Swamp: 14357620 Monument: 10387313 Ocean: 14357621 Shipwreck: 165745295 End City: 10387313 Slime: 987234911 Nether: 30084232 Mansion: 10387319 Fossil: 14357921 Portal: 34222645
[11:47:03] [Server thread/INFO]: Max TNT Explosions: 100
[11:47:03] [Server thread/INFO]: Tile Max Tick Time: 1000ms Entity max Tick Time: 1000ms
[11:47:03] [Server thread/INFO]: Experience Merge Radius: 3.0
[11:47:03] [Server thread/INFO]: Mob Spawn Range: 4
[11:47:03] [Server thread/INFO]: Item Despawn Rate: 6000
[11:47:03] [Server thread/INFO]: Arrow Despawn Rate: 1200 Trident Respawn Rate:1200
[11:47:03] [Server thread/INFO]: Zombie Aggressive Towards Villager: true
[11:47:03] [Server thread/INFO]: Nerfing mobs spawned from spawners: false
[11:47:03] [Server thread/INFO]: Allow Zombie Pigmen to spawn from portal blocks: true
[11:47:03] [Server thread/INFO]: Item Merge Radius: 2.5
[11:47:03] [Server thread/INFO]: View Distance: 8
[11:47:03] [Server thread/INFO]: Simulation Distance: 8
[11:47:04] [Server thread/INFO]: -------- World Settings For [lobby-githaven_nether] --------
[11:47:04] [Server thread/INFO]: Cactus Growth Modifier: 100%
[11:47:04] [Server thread/INFO]: Cane Growth Modifier: 100%
[11:47:04] [Server thread/INFO]: Melon Growth Modifier: 100%
[11:47:04] [Server thread/INFO]: Mushroom Growth Modifier: 100%
[11:47:04] [Server thread/INFO]: Pumpkin Growth Modifier: 100%
[11:47:04] [Server thread/INFO]: Sapling Growth Modifier: 100%
[11:47:04] [Server thread/INFO]: Beetroot Growth Modifier: 100%
[11:47:04] [Server thread/INFO]: Carrot Growth Modifier: 100%
[11:47:04] [Server thread/INFO]: Potato Growth Modifier: 100%
[11:47:04] [Server thread/INFO]: TorchFlower Growth Modifier: 100%
[11:47:04] [Server thread/INFO]: Wheat Growth Modifier: 100%
[11:47:04] [Server thread/INFO]: NetherWart Growth Modifier: 100%
[11:47:04] [Server thread/INFO]: Vine Growth Modifier: 100%
[11:47:04] [Server thread/INFO]: Cocoa Growth Modifier: 100%
[11:47:04] [Server thread/INFO]: Bamboo Growth Modifier: 100%
[11:47:04] [Server thread/INFO]: SweetBerry Growth Modifier: 100%
[11:47:04] [Server thread/INFO]: Kelp Growth Modifier: 100%
[11:47:04] [Server thread/INFO]: TwistingVines Growth Modifier: 100%
[11:47:04] [Server thread/INFO]: WeepingVines Growth Modifier: 100%
[11:47:04] [Server thread/INFO]: CaveVines Growth Modifier: 100%
[11:47:04] [Server thread/INFO]: GlowBerry Growth Modifier: 100%
[11:47:04] [Server thread/INFO]: PitcherPlant Growth Modifier: 100%
[11:47:04] [Server thread/INFO]: Entity Activation Range: An 32 / Mo 32 / Ra 48 / Mi 16 / Tiv true / Isa false
[11:47:04] [Server thread/INFO]: Entity Tracking Range: Pl 48 / An 48 / Mo 48 / Mi 32 / Di 128 / Other 64
[11:47:04] [Server thread/INFO]: Hopper Transfer: 8 Hopper Check: 1 Hopper Amount: 1 Hopper Can Load Chunks: false
[11:47:04] [Server thread/INFO]: Custom Map Seeds:  Village: 10387312 Desert: 14357617 Igloo: 14357618 Jungle: 14357619 Swamp: 14357620 Monument: 10387313 Ocean: 14357621 Shipwreck: 165745295 End City: 10387313 Slime: 987234911 Nether: 30084232 Mansion: 10387319 Fossil: 14357921 Portal: 34222645
[11:47:04] [Server thread/INFO]: Max TNT Explosions: 100
[11:47:04] [Server thread/INFO]: Tile Max Tick Time: 1000ms Entity max Tick Time: 1000ms
[11:47:04] [Server thread/INFO]: Experience Merge Radius: 3.0
[11:47:04] [Server thread/INFO]: Mob Spawn Range: 4
[11:47:04] [Server thread/INFO]: Item Despawn Rate: 6000
[11:47:04] [Server thread/INFO]: Arrow Despawn Rate: 1200 Trident Respawn Rate:1200
[11:47:04] [Server thread/INFO]: Zombie Aggressive Towards Villager: true
[11:47:04] [Server thread/INFO]: Nerfing mobs spawned from spawners: false
[11:47:04] [Server thread/INFO]: Allow Zombie Pigmen to spawn from portal blocks: true
[11:47:04] [Server thread/INFO]: Item Merge Radius: 2.5
[11:47:04] [Server thread/INFO]: View Distance: 8
[11:47:04] [Server thread/INFO]: Simulation Distance: 8
[11:47:04] [Server thread/INFO]: -------- World Settings For [lobby-githaven_the_end] --------
[11:47:04] [Server thread/INFO]: Cactus Growth Modifier: 100%
[11:47:04] [Server thread/INFO]: Cane Growth Modifier: 100%
[11:47:04] [Server thread/INFO]: Melon Growth Modifier: 100%
[11:47:04] [Server thread/INFO]: Mushroom Growth Modifier: 100%
[11:47:04] [Server thread/INFO]: Pumpkin Growth Modifier: 100%
[11:47:04] [Server thread/INFO]: Sapling Growth Modifier: 100%
[11:47:04] [Server thread/INFO]: Beetroot Growth Modifier: 100%
[11:47:04] [Server thread/INFO]: Carrot Growth Modifier: 100%
[11:47:04] [Server thread/INFO]: Potato Growth Modifier: 100%
[11:47:04] [Server thread/INFO]: TorchFlower Growth Modifier: 100%
[11:47:04] [Server thread/INFO]: Wheat Growth Modifier: 100%
[11:47:04] [Server thread/INFO]: NetherWart Growth Modifier: 100%
[11:47:04] [Server thread/INFO]: Vine Growth Modifier: 100%
[11:47:04] [Server thread/INFO]: Cocoa Growth Modifier: 100%
[11:47:04] [Server thread/INFO]: Bamboo Growth Modifier: 100%
[11:47:04] [Server thread/INFO]: SweetBerry Growth Modifier: 100%
[11:47:04] [Server thread/INFO]: Kelp Growth Modifier: 100%
[11:47:04] [Server thread/INFO]: TwistingVines Growth Modifier: 100%
[11:47:04] [Server thread/INFO]: WeepingVines Growth Modifier: 100%
[11:47:04] [Server thread/INFO]: CaveVines Growth Modifier: 100%
[11:47:04] [Server thread/INFO]: GlowBerry Growth Modifier: 100%
[11:47:04] [Server thread/INFO]: PitcherPlant Growth Modifier: 100%
[11:47:04] [Server thread/INFO]: Entity Activation Range: An 32 / Mo 32 / Ra 48 / Mi 16 / Tiv true / Isa false
[11:47:04] [Server thread/INFO]: Entity Tracking Range: Pl 48 / An 48 / Mo 48 / Mi 32 / Di 128 / Other 64
[11:47:04] [Server thread/INFO]: Hopper Transfer: 8 Hopper Check: 1 Hopper Amount: 1 Hopper Can Load Chunks: false
[11:47:04] [Server thread/INFO]: Custom Map Seeds:  Village: 10387312 Desert: 14357617 Igloo: 14357618 Jungle: 14357619 Swamp: 14357620 Monument: 10387313 Ocean: 14357621 Shipwreck: 165745295 End City: 10387313 Slime: 987234911 Nether: 30084232 Mansion: 10387319 Fossil: 14357921 Portal: 34222645
[11:47:04] [Server thread/INFO]: Max TNT Explosions: 100
[11:47:04] [Server thread/INFO]: Tile Max Tick Time: 1000ms Entity max Tick Time: 1000ms
[11:47:04] [Server thread/INFO]: Experience Merge Radius: 3.0
[11:47:04] [Server thread/INFO]: Mob Spawn Range: 4
[11:47:04] [Server thread/INFO]: Item Despawn Rate: 6000
[11:47:04] [Server thread/INFO]: Arrow Despawn Rate: 1200 Trident Respawn Rate:1200
[11:47:04] [Server thread/INFO]: Zombie Aggressive Towards Villager: true
[11:47:04] [Server thread/INFO]: Nerfing mobs spawned from spawners: false
[11:47:04] [Server thread/INFO]: Allow Zombie Pigmen to spawn from portal blocks: true
[11:47:04] [Server thread/INFO]: Item Merge Radius: 2.5
[11:47:04] [Server thread/INFO]: View Distance: 8
[11:47:04] [Server thread/INFO]: Simulation Distance: 8
[11:47:04] [Server thread/INFO]: Preparing start region for dimension minecraft:overworld
[11:47:05] [Server thread/INFO]: Time elapsed: 758 ms
[11:47:05] [Server thread/INFO]: Preparing start region for dimension minecraft:the_nether
[11:47:05] [Server thread/INFO]: Time elapsed: 298 ms
[11:47:05] [Server thread/INFO]: Preparing start region for dimension minecraft:the_end
[11:47:06] [Server thread/INFO]: Time elapsed: 809 ms
[11:47:06] [Server thread/INFO]: [SuperiorSkyblock2] Enabling SuperiorSkyblock2 v2025.1
[11:47:06] [Server thread/INFO]: -------- World Settings For [SuperiorWorld] --------
[11:47:06] [Server thread/INFO]: Cactus Growth Modifier: 100%
[11:47:06] [Server thread/INFO]: Cane Growth Modifier: 100%
[11:47:06] [Server thread/INFO]: Melon Growth Modifier: 100%
[11:47:06] [Server thread/INFO]: Mushroom Growth Modifier: 100%
[11:47:06] [Server thread/INFO]: Pumpkin Growth Modifier: 100%
[11:47:06] [Server thread/INFO]: Sapling Growth Modifier: 100%
[11:47:06] [Server thread/INFO]: Beetroot Growth Modifier: 100%
[11:47:06] [Server thread/INFO]: Carrot Growth Modifier: 100%
[11:47:06] [Server thread/INFO]: Potato Growth Modifier: 100%
[11:47:06] [Server thread/INFO]: TorchFlower Growth Modifier: 100%
[11:47:06] [Server thread/INFO]: Wheat Growth Modifier: 100%
[11:47:06] [Server thread/INFO]: NetherWart Growth Modifier: 100%
[11:47:06] [Server thread/INFO]: Vine Growth Modifier: 100%
[11:47:06] [Server thread/INFO]: Cocoa Growth Modifier: 100%
[11:47:06] [Server thread/INFO]: Bamboo Growth Modifier: 100%
[11:47:06] [Server thread/INFO]: SweetBerry Growth Modifier: 100%
[11:47:06] [Server thread/INFO]: Kelp Growth Modifier: 100%
[11:47:06] [Server thread/INFO]: TwistingVines Growth Modifier: 100%
[11:47:06] [Server thread/INFO]: WeepingVines Growth Modifier: 100%
[11:47:06] [Server thread/INFO]: CaveVines Growth Modifier: 100%
[11:47:06] [Server thread/INFO]: GlowBerry Growth Modifier: 100%
[11:47:06] [Server thread/INFO]: PitcherPlant Growth Modifier: 100%
[11:47:06] [Server thread/INFO]: Entity Activation Range: An 32 / Mo 32 / Ra 48 / Mi 16 / Tiv true / Isa false
[11:47:06] [Server thread/INFO]: Entity Tracking Range: Pl 48 / An 48 / Mo 48 / Mi 32 / Di 128 / Other 64
[11:47:06] [Server thread/INFO]: Hopper Transfer: 8 Hopper Check: 1 Hopper Amount: 1 Hopper Can Load Chunks: false
[11:47:06] [Server thread/INFO]: Custom Map Seeds:  Village: 10387312 Desert: 14357617 Igloo: 14357618 Jungle: 14357619 Swamp: 14357620 Monument: 10387313 Ocean: 14357621 Shipwreck: 165745295 End City: 10387313 Slime: 987234911 Nether: 30084232 Mansion: 10387319 Fossil: 14357921 Portal: 34222645
[11:47:06] [Server thread/INFO]: Max TNT Explosions: 100
[11:47:06] [Server thread/INFO]: Tile Max Tick Time: 1000ms Entity max Tick Time: 1000ms
[11:47:06] [Server thread/INFO]: Experience Merge Radius: 3.0
[11:47:06] [Server thread/INFO]: Mob Spawn Range: 4
[11:47:06] [Server thread/INFO]: Item Despawn Rate: 6000
[11:47:06] [Server thread/INFO]: Arrow Despawn Rate: 1200 Trident Respawn Rate:1200
[11:47:06] [Server thread/INFO]: Zombie Aggressive Towards Villager: true
[11:47:06] [Server thread/INFO]: Nerfing mobs spawned from spawners: false
[11:47:06] [Server thread/INFO]: Allow Zombie Pigmen to spawn from portal blocks: true
[11:47:06] [Server thread/INFO]: Item Merge Radius: 2.5
[11:47:06] [Server thread/INFO]: View Distance: 8
[11:47:06] [Server thread/INFO]: Simulation Distance: 8
[11:47:06] [Server thread/INFO]: Preparing start region for dimension minecraft:superiorworld
[11:47:06] [Server thread/INFO]: Time elapsed: 155 ms
[11:47:06] [Server thread/INFO]: [SuperiorSkyblock2] Enabling the module bank...
[11:47:06] [Server thread/INFO]: [SuperiorSkyblock2] Finished enabling the module bank (Took 15ms)
[11:47:06] [Server thread/INFO]: [SuperiorSkyblock2] Enabling the module missions...
[11:47:07] [Server thread/INFO]: [SuperiorSkyblock2] Registered mission miner_2
[11:47:07] [Server thread/INFO]: [SuperiorSkyblock2] Registered mission miner_3
[11:47:07] [Server thread/INFO]: [SuperiorSkyblock2] Registered mission miner_4
[11:47:07] [Server thread/INFO]: [SuperiorSkyblock2] Registered mission miner_1
[11:47:07] [Server thread/INFO]: [SuperiorSkyblock2] Registered mission miner_5
[11:47:07] [Server thread/INFO]: [SuperiorSkyblock2] Registered mission slayer_2
[11:47:07] [Server thread/INFO]: [SuperiorSkyblock2] Registered mission slayer_4
[11:47:07] [Server thread/INFO]: [SuperiorSkyblock2] Registered mission slayer_1
[11:47:07] [Server thread/INFO]: [SuperiorSkyblock2] Registered mission slayer_3
[11:47:08] [Server thread/INFO]: [SuperiorSkyblock2] Registered mission farmer_3
[11:47:08] [Server thread/INFO]: [SuperiorSkyblock2] Registered mission farmer_1
[11:47:08] [Server thread/INFO]: [SuperiorSkyblock2] Registered mission farmer_4
[11:47:08] [Server thread/INFO]: [SuperiorSkyblock2] Registered mission farmer_2
[11:47:08] [Server thread/INFO]: [SuperiorSkyblock2] Registered mission farmer_5
[11:47:08] [Server thread/INFO]: [SuperiorSkyblock2] Registered mission fisherman_2
[11:47:08] [Server thread/INFO]: [SuperiorSkyblock2] Registered mission fisherman_1
[11:47:08] [Server thread/INFO]: [SuperiorSkyblock2] Registered mission fisherman_3
[11:47:08] [Server thread/INFO]: [SuperiorSkyblock2] Registered mission explorer_2
[11:47:08] [Server thread/INFO]: [SuperiorSkyblock2] Registered mission explorer_1
[11:47:09] [Server thread/INFO]: [SuperiorSkyblock2] Finished enabling the module missions (Took 2060ms)
[11:47:09] [Server thread/INFO]: [SuperiorSkyblock2] Enabling the module generators...
[11:47:09] [Server thread/INFO]: [SuperiorSkyblock2] Finished enabling the module generators (Took 20ms)
[11:47:09] [Server thread/INFO]: [SuperiorSkyblock2] Enabling the module upgrades...
[11:47:09] [Server thread/INFO]: [SuperiorSkyblock2] Finished enabling the module upgrades (Took 54ms)
[11:47:09] [Server thread/INFO]: [SuperiorSkyblock2] Loading messages started...
[11:47:10] [Server thread/INFO]: [SuperiorSkyblock2]  - Found 702 messages in the language files.
[11:47:10] [Server thread/INFO]: [SuperiorSkyblock2] Loading messages done (Took 1052ms)
[11:47:10] [Server thread/WARN]: [org.bukkit.craftbukkit.legacy.CraftLegacy] Initializing Legacy Material Support. Unless you have legacy plugins and/or data this is a bug!
[11:47:25] [Server thread/INFO]: [SuperiorSkyblock2] Successfully loaded schematic mycel_the_end.schematic (DefaultSchematicParser)
[11:47:26] [Server thread/INFO]: [SuperiorSkyblock2] Successfully loaded schematic normal.schematic (DefaultSchematicParser)
[11:47:26] [Server thread/INFO]: [SuperiorSkyblock2] Successfully loaded schematic mycel_nether.schematic (DefaultSchematicParser)
[11:47:26] [Server thread/INFO]: [SuperiorSkyblock2] Successfully loaded schematic normal_nether.schematic (DefaultSchematicParser)
[11:47:26] [Server thread/INFO]: [SuperiorSkyblock2] Successfully loaded schematic desert_the_end.schematic (DefaultSchematicParser)
[11:47:26] [Server thread/INFO]: [SuperiorSkyblock2] Successfully loaded schematic normal_the_end.schematic (DefaultSchematicParser)
[11:47:26] [Server thread/INFO]: [SuperiorSkyblock2] Successfully loaded schematic desert.schematic (DefaultSchematicParser)
[11:47:26] [Server thread/INFO]: [SuperiorSkyblock2] Successfully loaded schematic desert_nether.schematic (DefaultSchematicParser)
[11:47:26] [Server thread/INFO]: [SuperiorSkyblock2] Successfully loaded schematic mycel.schematic (DefaultSchematicParser)
[11:47:27] [Server thread/INFO]: [SuperiorSkyblock2] Trying to connect to local database (SQLite)...
[11:47:28] [Server thread/INFO]: [SuperiorSkyblock2] Successfully established connection with local database!
[11:47:28] [Server thread/INFO]: [SuperiorSkyblock2] Creating a backup file...
[11:47:28] [Server thread/INFO]: [SuperiorSkyblock2] Backup done!
[11:47:28] [Server thread/INFO]: [SuperiorSkyblock2] Starting to load players...
[11:47:28] [Server thread/INFO]: [SuperiorSkyblock2] Finished loading 1 players (Took 18ms)
[11:47:28] [Server thread/INFO]: [SuperiorSkyblock2] Starting to load islands...
[11:47:28] [Server thread/INFO]: [SuperiorSkyblock2] Finished loading 1 islands (Took 86ms)
[11:47:28] [Server thread/INFO]: [SuperiorSkyblock2] Starting to load grid...
[11:47:28] [Server thread/INFO]: [SuperiorSkyblock2] Finished grid!
[11:47:28] [Server thread/INFO]: [SuperiorSkyblock2] Starting to load stacked blocks...
[11:47:28] [Server thread/INFO]: [SuperiorSkyblock2] Finished stacked blocks!
[11:47:28] [Server thread/INFO]: [Multiverse-Core] Enabling Multiverse-Core v4.3.16
[11:47:28] [Server thread/WARN]: [Multiverse-Core] "Multiverse-Core v4.3.16" has registered a listener for org.bukkit.event.entity.EntityCreatePortalEvent on method "public void com.onarandombox.MultiverseCore.listeners.MVPortalListener.entityPortalCreate(org.bukkit.event.entity.EntityCreatePortalEvent)", but the event is Deprecated. "Server performance will be affected"; please notify the authors [dumptruckman, Rigby, fernferret, lithium3141, main--].
[11:47:28] [Server thread/INFO]: [Multiverse-Core] §aWe are aware of the warning about the deprecated event. There is no alternative that allows us to do what we need to do and performance impact is negligible. It is safe to ignore.
[11:47:28] [Server thread/INFO]: -------- World Settings For [Lobby_the_end] --------
[11:47:28] [Server thread/INFO]: Cactus Growth Modifier: 100%
[11:47:28] [Server thread/INFO]: Cane Growth Modifier: 100%
[11:47:28] [Server thread/INFO]: Melon Growth Modifier: 100%
[11:47:28] [Server thread/INFO]: Mushroom Growth Modifier: 100%
[11:47:28] [Server thread/INFO]: Pumpkin Growth Modifier: 100%
[11:47:28] [Server thread/INFO]: Sapling Growth Modifier: 100%
[11:47:28] [Server thread/INFO]: Beetroot Growth Modifier: 100%
[11:47:28] [Server thread/INFO]: Carrot Growth Modifier: 100%
[11:47:28] [Server thread/INFO]: Potato Growth Modifier: 100%
[11:47:28] [Server thread/INFO]: TorchFlower Growth Modifier: 100%
[11:47:28] [Server thread/INFO]: Wheat Growth Modifier: 100%
[11:47:28] [Server thread/INFO]: NetherWart Growth Modifier: 100%
[11:47:28] [Server thread/INFO]: Vine Growth Modifier: 100%
[11:47:28] [Server thread/INFO]: Cocoa Growth Modifier: 100%
[11:47:28] [Server thread/INFO]: Bamboo Growth Modifier: 100%
[11:47:28] [Server thread/INFO]: SweetBerry Growth Modifier: 100%
[11:47:28] [Server thread/INFO]: Kelp Growth Modifier: 100%
[11:47:28] [Server thread/INFO]: TwistingVines Growth Modifier: 100%
[11:47:28] [Server thread/INFO]: WeepingVines Growth Modifier: 100%
[11:47:28] [Server thread/INFO]: CaveVines Growth Modifier: 100%
[11:47:28] [Server thread/INFO]: GlowBerry Growth Modifier: 100%
[11:47:28] [Server thread/INFO]: PitcherPlant Growth Modifier: 100%
[11:47:28] [Server thread/INFO]: Entity Activation Range: An 32 / Mo 32 / Ra 48 / Mi 16 / Tiv true / Isa false
[11:47:28] [Server thread/INFO]: Entity Tracking Range: Pl 48 / An 48 / Mo 48 / Mi 32 / Di 128 / Other 64
[11:47:28] [Server thread/INFO]: Hopper Transfer: 8 Hopper Check: 1 Hopper Amount: 1 Hopper Can Load Chunks: false
[11:47:28] [Server thread/INFO]: Custom Map Seeds:  Village: 10387312 Desert: 14357617 Igloo: 14357618 Jungle: 14357619 Swamp: 14357620 Monument: 10387313 Ocean: 14357621 Shipwreck: 165745295 End City: 10387313 Slime: 987234911 Nether: 30084232 Mansion: 10387319 Fossil: 14357921 Portal: 34222645
[11:47:28] [Server thread/INFO]: Max TNT Explosions: 100
[11:47:28] [Server thread/INFO]: Tile Max Tick Time: 1000ms Entity max Tick Time: 1000ms
[11:47:28] [Server thread/INFO]: Experience Merge Radius: 3.0
[11:47:28] [Server thread/INFO]: Mob Spawn Range: 4
[11:47:28] [Server thread/INFO]: Item Despawn Rate: 6000
[11:47:28] [Server thread/INFO]: Arrow Despawn Rate: 1200 Trident Respawn Rate:1200
[11:47:28] [Server thread/INFO]: Zombie Aggressive Towards Villager: true
[11:47:28] [Server thread/INFO]: Nerfing mobs spawned from spawners: false
[11:47:28] [Server thread/INFO]: Allow Zombie Pigmen to spawn from portal blocks: true
[11:47:28] [Server thread/INFO]: Item Merge Radius: 2.5
[11:47:28] [Server thread/INFO]: View Distance: 8
[11:47:28] [Server thread/INFO]: Simulation Distance: 8
[11:47:28] [Server thread/INFO]: Preparing start region for dimension minecraft:lobby_the_end
[11:47:29] [Server thread/INFO]: Time elapsed: 253 ms
[11:47:29] [Server thread/INFO]: -------- World Settings For [Lobby] --------
[11:47:29] [Server thread/INFO]: Cactus Growth Modifier: 100%
[11:47:29] [Server thread/INFO]: Cane Growth Modifier: 100%
[11:47:29] [Server thread/INFO]: Melon Growth Modifier: 100%
[11:47:29] [Server thread/INFO]: Mushroom Growth Modifier: 100%
[11:47:29] [Server thread/INFO]: Pumpkin Growth Modifier: 100%
[11:47:29] [Server thread/INFO]: Sapling Growth Modifier: 100%
[11:47:29] [Server thread/INFO]: Beetroot Growth Modifier: 100%
[11:47:29] [Server thread/INFO]: Carrot Growth Modifier: 100%
[11:47:29] [Server thread/INFO]: Potato Growth Modifier: 100%
[11:47:29] [Server thread/INFO]: TorchFlower Growth Modifier: 100%
[11:47:29] [Server thread/INFO]: Wheat Growth Modifier: 100%
[11:47:29] [Server thread/INFO]: NetherWart Growth Modifier: 100%
[11:47:29] [Server thread/INFO]: Vine Growth Modifier: 100%
[11:47:29] [Server thread/INFO]: Cocoa Growth Modifier: 100%
[11:47:29] [Server thread/INFO]: Bamboo Growth Modifier: 100%
[11:47:29] [Server thread/INFO]: SweetBerry Growth Modifier: 100%
[11:47:29] [Server thread/INFO]: Kelp Growth Modifier: 100%
[11:47:29] [Server thread/INFO]: TwistingVines Growth Modifier: 100%
[11:47:29] [Server thread/INFO]: WeepingVines Growth Modifier: 100%
[11:47:29] [Server thread/INFO]: CaveVines Growth Modifier: 100%
[11:47:29] [Server thread/INFO]: GlowBerry Growth Modifier: 100%
[11:47:29] [Server thread/INFO]: PitcherPlant Growth Modifier: 100%
[11:47:29] [Server thread/INFO]: Entity Activation Range: An 32 / Mo 32 / Ra 48 / Mi 16 / Tiv true / Isa false
[11:47:29] [Server thread/INFO]: Entity Tracking Range: Pl 48 / An 48 / Mo 48 / Mi 32 / Di 128 / Other 64
[11:47:29] [Server thread/INFO]: Hopper Transfer: 8 Hopper Check: 1 Hopper Amount: 1 Hopper Can Load Chunks: false
[11:47:29] [Server thread/INFO]: Custom Map Seeds:  Village: 10387312 Desert: 14357617 Igloo: 14357618 Jungle: 14357619 Swamp: 14357620 Monument: 10387313 Ocean: 14357621 Shipwreck: 165745295 End City: 10387313 Slime: 987234911 Nether: 30084232 Mansion: 10387319 Fossil: 14357921 Portal: 34222645
[11:47:29] [Server thread/INFO]: Max TNT Explosions: 100
[11:47:29] [Server thread/INFO]: Tile Max Tick Time: 1000ms Entity max Tick Time: 1000ms
[11:47:29] [Server thread/INFO]: Experience Merge Radius: 3.0
[11:47:29] [Server thread/INFO]: Mob Spawn Range: 4
[11:47:29] [Server thread/INFO]: Item Despawn Rate: 6000
[11:47:29] [Server thread/INFO]: Arrow Despawn Rate: 1200 Trident Respawn Rate:1200
[11:47:29] [Server thread/INFO]: Zombie Aggressive Towards Villager: true
[11:47:29] [Server thread/INFO]: Nerfing mobs spawned from spawners: false
[11:47:29] [Server thread/INFO]: Allow Zombie Pigmen to spawn from portal blocks: true
[11:47:29] [Server thread/INFO]: Item Merge Radius: 2.5
[11:47:29] [Server thread/INFO]: View Distance: 8
[11:47:29] [Server thread/INFO]: Simulation Distance: 8
[11:47:29] [Server thread/INFO]: Preparing start region for dimension minecraft:lobby
[11:47:29] [Server thread/INFO]: Time elapsed: 354 ms
[11:47:29] [Server thread/WARN]: [Multiverse-Core] WorldManager: Can't load this world because the folder was deleted/moved: IridiumSkyblock_nether
[11:47:29] [Server thread/WARN]: [Multiverse-Core] Use '/mv remove' to remove it from the config!
[11:47:29] [Server thread/INFO]: -------- World Settings For [smp-lobby] --------
[11:47:29] [Server thread/INFO]: Cactus Growth Modifier: 100%
[11:47:29] [Server thread/INFO]: Cane Growth Modifier: 100%
[11:47:29] [Server thread/INFO]: Melon Growth Modifier: 100%
[11:47:29] [Server thread/INFO]: Mushroom Growth Modifier: 100%
[11:47:29] [Server thread/INFO]: Pumpkin Growth Modifier: 100%
[11:47:29] [Server thread/INFO]: Sapling Growth Modifier: 100%
[11:47:29] [Server thread/INFO]: Beetroot Growth Modifier: 100%
[11:47:29] [Server thread/INFO]: Carrot Growth Modifier: 100%
[11:47:29] [Server thread/INFO]: Potato Growth Modifier: 100%
[11:47:29] [Server thread/INFO]: TorchFlower Growth Modifier: 100%
[11:47:29] [Server thread/INFO]: Wheat Growth Modifier: 100%
[11:47:29] [Server thread/INFO]: NetherWart Growth Modifier: 100%
[11:47:29] [Server thread/INFO]: Vine Growth Modifier: 100%
[11:47:29] [Server thread/INFO]: Cocoa Growth Modifier: 100%
[11:47:29] [Server thread/INFO]: Bamboo Growth Modifier: 100%
[11:47:29] [Server thread/INFO]: SweetBerry Growth Modifier: 100%
[11:47:29] [Server thread/INFO]: Kelp Growth Modifier: 100%
[11:47:29] [Server thread/INFO]: TwistingVines Growth Modifier: 100%
[11:47:29] [Server thread/INFO]: WeepingVines Growth Modifier: 100%
[11:47:29] [Server thread/INFO]: CaveVines Growth Modifier: 100%
[11:47:29] [Server thread/INFO]: GlowBerry Growth Modifier: 100%
[11:47:29] [Server thread/INFO]: PitcherPlant Growth Modifier: 100%
[11:47:29] [Server thread/INFO]: Entity Activation Range: An 32 / Mo 32 / Ra 48 / Mi 16 / Tiv true / Isa false
[11:47:29] [Server thread/INFO]: Entity Tracking Range: Pl 48 / An 48 / Mo 48 / Mi 32 / Di 128 / Other 64
[11:47:29] [Server thread/INFO]: Hopper Transfer: 8 Hopper Check: 1 Hopper Amount: 1 Hopper Can Load Chunks: false
[11:47:29] [Server thread/INFO]: Custom Map Seeds:  Village: 10387312 Desert: 14357617 Igloo: 14357618 Jungle: 14357619 Swamp: 14357620 Monument: 10387313 Ocean: 14357621 Shipwreck: 165745295 End City: 10387313 Slime: 987234911 Nether: 30084232 Mansion: 10387319 Fossil: 14357921 Portal: 34222645
[11:47:29] [Server thread/INFO]: Max TNT Explosions: 100
[11:47:29] [Server thread/INFO]: Tile Max Tick Time: 1000ms Entity max Tick Time: 1000ms
[11:47:29] [Server thread/INFO]: Experience Merge Radius: 3.0
[11:47:29] [Server thread/INFO]: Mob Spawn Range: 4
[11:47:29] [Server thread/INFO]: Item Despawn Rate: 6000
[11:47:29] [Server thread/INFO]: Arrow Despawn Rate: 1200 Trident Respawn Rate:1200
[11:47:29] [Server thread/INFO]: Zombie Aggressive Towards Villager: true
[11:47:29] [Server thread/INFO]: Nerfing mobs spawned from spawners: false
[11:47:29] [Server thread/INFO]: Allow Zombie Pigmen to spawn from portal blocks: true
[11:47:29] [Server thread/INFO]: Item Merge Radius: 2.5
[11:47:29] [Server thread/INFO]: View Distance: 8
[11:47:29] [Server thread/INFO]: Simulation Distance: 8
[11:47:29] [Server thread/INFO]: Preparing start region for dimension minecraft:smp-lobby
[11:47:29] [Server thread/INFO]: Time elapsed: 144 ms
[11:47:30] [Server thread/INFO]: -------- World Settings For [skyblock-lobby] --------
[11:47:30] [Server thread/INFO]: Cactus Growth Modifier: 100%
[11:47:30] [Server thread/INFO]: Cane Growth Modifier: 100%
[11:47:30] [Server thread/INFO]: Melon Growth Modifier: 100%
[11:47:30] [Server thread/INFO]: Mushroom Growth Modifier: 100%
[11:47:30] [Server thread/INFO]: Pumpkin Growth Modifier: 100%
[11:47:30] [Server thread/INFO]: Sapling Growth Modifier: 100%
[11:47:30] [Server thread/INFO]: Beetroot Growth Modifier: 100%
[11:47:30] [Server thread/INFO]: Carrot Growth Modifier: 100%
[11:47:30] [Server thread/INFO]: Potato Growth Modifier: 100%
[11:47:30] [Server thread/INFO]: TorchFlower Growth Modifier: 100%
[11:47:30] [Server thread/INFO]: Wheat Growth Modifier: 100%
[11:47:30] [Server thread/INFO]: NetherWart Growth Modifier: 100%
[11:47:30] [Server thread/INFO]: Vine Growth Modifier: 100%
[11:47:30] [Server thread/INFO]: Cocoa Growth Modifier: 100%
[11:47:30] [Server thread/INFO]: Bamboo Growth Modifier: 100%
[11:47:30] [Server thread/INFO]: SweetBerry Growth Modifier: 100%
[11:47:30] [Server thread/INFO]: Kelp Growth Modifier: 100%
[11:47:30] [Server thread/INFO]: TwistingVines Growth Modifier: 100%
[11:47:30] [Server thread/INFO]: WeepingVines Growth Modifier: 100%
[11:47:30] [Server thread/INFO]: CaveVines Growth Modifier: 100%
[11:47:30] [Server thread/INFO]: GlowBerry Growth Modifier: 100%
[11:47:30] [Server thread/INFO]: PitcherPlant Growth Modifier: 100%
[11:47:30] [Server thread/INFO]: Entity Activation Range: An 32 / Mo 32 / Ra 48 / Mi 16 / Tiv true / Isa false
[11:47:30] [Server thread/INFO]: Entity Tracking Range: Pl 48 / An 48 / Mo 48 / Mi 32 / Di 128 / Other 64
[11:47:30] [Server thread/INFO]: Hopper Transfer: 8 Hopper Check: 1 Hopper Amount: 1 Hopper Can Load Chunks: false
[11:47:30] [Server thread/INFO]: Custom Map Seeds:  Village: 10387312 Desert: 14357617 Igloo: 14357618 Jungle: 14357619 Swamp: 14357620 Monument: 10387313 Ocean: 14357621 Shipwreck: 165745295 End City: 10387313 Slime: 987234911 Nether: 30084232 Mansion: 10387319 Fossil: 14357921 Portal: 34222645
[11:47:30] [Server thread/INFO]: Max TNT Explosions: 100
[11:47:30] [Server thread/INFO]: Tile Max Tick Time: 1000ms Entity max Tick Time: 1000ms
[11:47:30] [Server thread/INFO]: Experience Merge Radius: 3.0
[11:47:30] [Server thread/INFO]: Mob Spawn Range: 4
[11:47:30] [Server thread/INFO]: Item Despawn Rate: 6000
[11:47:30] [Server thread/INFO]: Arrow Despawn Rate: 1200 Trident Respawn Rate:1200
[11:47:30] [Server thread/INFO]: Zombie Aggressive Towards Villager: true
[11:47:30] [Server thread/INFO]: Nerfing mobs spawned from spawners: false
[11:47:30] [Server thread/INFO]: Allow Zombie Pigmen to spawn from portal blocks: true
[11:47:30] [Server thread/INFO]: Item Merge Radius: 2.5
[11:47:30] [Server thread/INFO]: View Distance: 8
[11:47:30] [Server thread/INFO]: Simulation Distance: 8
[11:47:30] [Server thread/INFO]: Preparing start region for dimension minecraft:skyblock-lobby
[11:47:30] [Server thread/INFO]: Time elapsed: 515 ms
[11:47:30] [Server thread/INFO]: -------- World Settings For [Lobby_nether] --------
[11:47:30] [Server thread/INFO]: Cactus Growth Modifier: 100%
[11:47:30] [Server thread/INFO]: Cane Growth Modifier: 100%
[11:47:30] [Server thread/INFO]: Melon Growth Modifier: 100%
[11:47:30] [Server thread/INFO]: Mushroom Growth Modifier: 100%
[11:47:30] [Server thread/INFO]: Pumpkin Growth Modifier: 100%
[11:47:30] [Server thread/INFO]: Sapling Growth Modifier: 100%
[11:47:30] [Server thread/INFO]: Beetroot Growth Modifier: 100%
[11:47:30] [Server thread/INFO]: Carrot Growth Modifier: 100%
[11:47:30] [Server thread/INFO]: Potato Growth Modifier: 100%
[11:47:30] [Server thread/INFO]: TorchFlower Growth Modifier: 100%
[11:47:30] [Server thread/INFO]: Wheat Growth Modifier: 100%
[11:47:30] [Server thread/INFO]: NetherWart Growth Modifier: 100%
[11:47:30] [Server thread/INFO]: Vine Growth Modifier: 100%
[11:47:30] [Server thread/INFO]: Cocoa Growth Modifier: 100%
[11:47:30] [Server thread/INFO]: Bamboo Growth Modifier: 100%
[11:47:30] [Server thread/INFO]: SweetBerry Growth Modifier: 100%
[11:47:30] [Server thread/INFO]: Kelp Growth Modifier: 100%
[11:47:30] [Server thread/INFO]: TwistingVines Growth Modifier: 100%
[11:47:30] [Server thread/INFO]: WeepingVines Growth Modifier: 100%
[11:47:30] [Server thread/INFO]: CaveVines Growth Modifier: 100%
[11:47:30] [Server thread/INFO]: GlowBerry Growth Modifier: 100%
[11:47:30] [Server thread/INFO]: PitcherPlant Growth Modifier: 100%
[11:47:30] [Server thread/INFO]: Entity Activation Range: An 32 / Mo 32 / Ra 48 / Mi 16 / Tiv true / Isa false
[11:47:30] [Server thread/INFO]: Entity Tracking Range: Pl 48 / An 48 / Mo 48 / Mi 32 / Di 128 / Other 64
[11:47:30] [Server thread/INFO]: Hopper Transfer: 8 Hopper Check: 1 Hopper Amount: 1 Hopper Can Load Chunks: false
[11:47:30] [Server thread/INFO]: Custom Map Seeds:  Village: 10387312 Desert: 14357617 Igloo: 14357618 Jungle: 14357619 Swamp: 14357620 Monument: 10387313 Ocean: 14357621 Shipwreck: 165745295 End City: 10387313 Slime: 987234911 Nether: 30084232 Mansion: 10387319 Fossil: 14357921 Portal: 34222645
[11:47:30] [Server thread/INFO]: Max TNT Explosions: 100
[11:47:30] [Server thread/INFO]: Tile Max Tick Time: 1000ms Entity max Tick Time: 1000ms
[11:47:30] [Server thread/INFO]: Experience Merge Radius: 3.0
[11:47:30] [Server thread/INFO]: Mob Spawn Range: 4
[11:47:30] [Server thread/INFO]: Item Despawn Rate: 6000
[11:47:30] [Server thread/INFO]: Arrow Despawn Rate: 1200 Trident Respawn Rate:1200
[11:47:30] [Server thread/INFO]: Zombie Aggressive Towards Villager: true
[11:47:30] [Server thread/INFO]: Nerfing mobs spawned from spawners: false
[11:47:30] [Server thread/INFO]: Allow Zombie Pigmen to spawn from portal blocks: true
[11:47:30] [Server thread/INFO]: Item Merge Radius: 2.5
[11:47:30] [Server thread/INFO]: View Distance: 8
[11:47:30] [Server thread/INFO]: Simulation Distance: 8
[11:47:30] [Server thread/INFO]: Preparing start region for dimension minecraft:lobby_nether
[11:47:31] [Server thread/INFO]: Time elapsed: 409 ms
[11:47:31] [Server thread/WARN]: [Multiverse-Core] WorldManager: Can't load this world because the folder was deleted/moved: IridiumSkyblock
[11:47:31] [Server thread/WARN]: [Multiverse-Core] Use '/mv remove' to remove it from the config!
[11:47:31] [Server thread/WARN]: [Multiverse-Core] WorldManager: Can't load this world because the folder was deleted/moved: IridiumSkyblock_the_end
[11:47:31] [Server thread/WARN]: [Multiverse-Core] Use '/mv remove' to remove it from the config!
[11:47:31] [Server thread/INFO]: [Multiverse-Core] 9 - World(s) loaded.
[11:47:31] [Server thread/WARN]: [Multiverse-Core] Buscript failed to load! The script command will be disabled! If you would like not to see this message, use `/mv conf enablebuscript false` to disable Buscript from loading.
[11:47:31] [Server thread/INFO]: [Multiverse-Core] Version 4.3.16 (API v24) Enabled - By dumptruckman, Rigby, fernferret, lithium3141 and main--
[11:47:31] [Server thread/INFO]: [PlaceholderAPI] Enabling PlaceholderAPI v2.11.6
[11:47:32] [Server thread/INFO]: [PlaceholderAPI] Fetching available expansion information...
[11:47:32] [Server thread/INFO]: [DeluxeHub] Enabling DeluxeHub v3.6.0
[11:47:32] [Server thread/INFO]: [DeluxeHub]  _   _            _          _    _ 
[11:47:32] [Server thread/INFO]: [DeluxeHub] | \ |_ |  | | \/ |_ |_| | | |_)   _)
[11:47:32] [Server thread/INFO]: [DeluxeHub] |_/ |_ |_ |_| /\ |_ | | |_| |_)   _)
[11:47:32] [Server thread/INFO]: [DeluxeHub] 
[11:47:32] [Server thread/INFO]: [DeluxeHub] Version: 3.6.0
[11:47:32] [Server thread/INFO]: [DeluxeHub] Author: ItsLewizzz
[11:47:32] [Server thread/INFO]: [DeluxeHub] 
[11:47:32] [Server thread/INFO]: [DeluxeHub]  Hooked into PlaceholderAPI
[11:47:32] [Server thread/INFO]: [DeluxeHub] Loaded custom menu 'serverselector'.
[11:47:32] [Server thread/WARN]: [DeluxeHub] Inventory with name 'serverselector.yml' already exists, skipping duplicate..
[11:47:32] [Server thread/INFO]: [NBTAPI] [NBTAPI] Found Minecraft: 1.21.1! Trying to find NMS support
[11:47:32] [Server thread/INFO]: [NBTAPI] [NBTAPI] NMS support 'MC1_21_R1' loaded!
[11:47:32] [Server thread/INFO]: [NBTAPI] [NBTAPI] Using the plugin 'DeluxeHub' to create a bStats instance!
[11:47:32] [Server thread/INFO]: [DeluxeHub] Loaded 12 plugin modules.
[11:47:32] [Server thread/INFO]: [DeluxeHub] 
[11:47:32] [Server thread/INFO]: [DeluxeHub] Successfully loaded in 843ms
[11:47:32] [Server thread/INFO]: [WorldGuard] Enabling WorldGuard v7.0.12+829a4a4
[11:47:32] [Server thread/INFO]: [WorldGuard] (lobby-githaven) TNT ignition is PERMITTED.
[11:47:32] [Server thread/INFO]: [WorldGuard] (lobby-githaven) Lighters are PERMITTED.
[11:47:32] [Server thread/INFO]: [WorldGuard] (lobby-githaven) Lava fire is PERMITTED.
[11:47:32] [Server thread/INFO]: [WorldGuard] (lobby-githaven) Fire spread is UNRESTRICTED.
[11:47:32] [Server thread/INFO]: [WorldGuard] Loaded configuration for world 'lobby-githaven'
[11:47:33] [Server thread/INFO]: [WorldGuard] (lobby-githaven_nether) TNT ignition is PERMITTED.
[11:47:33] [Server thread/INFO]: [WorldGuard] (lobby-githaven_nether) Lighters are PERMITTED.
[11:47:33] [Server thread/INFO]: [WorldGuard] (lobby-githaven_nether) Lava fire is PERMITTED.
[11:47:33] [Server thread/INFO]: [WorldGuard] (lobby-githaven_nether) Fire spread is UNRESTRICTED.
[11:47:33] [Server thread/INFO]: [WorldGuard] Loaded configuration for world 'lobby-githaven_nether'
[11:47:33] [Server thread/INFO]: [WorldGuard] (lobby-githaven_the_end) TNT ignition is PERMITTED.
[11:47:33] [Server thread/INFO]: [WorldGuard] (lobby-githaven_the_end) Lighters are PERMITTED.
[11:47:33] [Server thread/INFO]: [WorldGuard] (lobby-githaven_the_end) Lava fire is PERMITTED.
[11:47:33] [Server thread/INFO]: [WorldGuard] (lobby-githaven_the_end) Fire spread is UNRESTRICTED.
[11:47:33] [Server thread/INFO]: [WorldGuard] Loaded configuration for world 'lobby-githaven_the_end'
[11:47:33] [Server thread/INFO]: [WorldGuard] (SuperiorWorld) TNT ignition is PERMITTED.
[11:47:33] [Server thread/INFO]: [WorldGuard] (SuperiorWorld) Lighters are PERMITTED.
[11:47:33] [Server thread/INFO]: [WorldGuard] (SuperiorWorld) Lava fire is PERMITTED.
[11:47:33] [Server thread/INFO]: [WorldGuard] (SuperiorWorld) Fire spread is UNRESTRICTED.
[11:47:33] [Server thread/INFO]: [WorldGuard] Loaded configuration for world 'SuperiorWorld'
[11:47:33] [Server thread/INFO]: [WorldGuard] (Lobby_the_end) TNT ignition is PERMITTED.
[11:47:33] [Server thread/INFO]: [WorldGuard] (Lobby_the_end) Lighters are PERMITTED.
[11:47:33] [Server thread/INFO]: [WorldGuard] (Lobby_the_end) Lava fire is PERMITTED.
[11:47:33] [Server thread/INFO]: [WorldGuard] (Lobby_the_end) Fire spread is UNRESTRICTED.
[11:47:33] [Server thread/INFO]: [WorldGuard] Loaded configuration for world 'Lobby_the_end'
[11:47:33] [Server thread/INFO]: [WorldGuard] (Lobby) TNT ignition is PERMITTED.
[11:47:33] [Server thread/INFO]: [WorldGuard] (Lobby) Lighters are PERMITTED.
[11:47:33] [Server thread/INFO]: [WorldGuard] (Lobby) Lava fire is PERMITTED.
[11:47:33] [Server thread/INFO]: [WorldGuard] (Lobby) Fire spread is UNRESTRICTED.
[11:47:33] [Server thread/INFO]: [WorldGuard] Loaded configuration for world 'Lobby'
[11:47:33] [Server thread/INFO]: [WorldGuard] (smp-lobby) TNT ignition is PERMITTED.
[11:47:33] [Server thread/INFO]: [WorldGuard] (smp-lobby) Lighters are PERMITTED.
[11:47:33] [Server thread/INFO]: [WorldGuard] (smp-lobby) Lava fire is PERMITTED.
[11:47:33] [Server thread/INFO]: [WorldGuard] (smp-lobby) Fire spread is UNRESTRICTED.
[11:47:33] [Server thread/INFO]: [WorldGuard] Loaded configuration for world 'smp-lobby'
[11:47:33] [Server thread/INFO]: [WorldGuard] (skyblock-lobby) TNT ignition is PERMITTED.
[11:47:33] [Server thread/INFO]: [WorldGuard] (skyblock-lobby) Lighters are PERMITTED.
[11:47:33] [Server thread/INFO]: [WorldGuard] (skyblock-lobby) Lava fire is PERMITTED.
[11:47:33] [Server thread/INFO]: [WorldGuard] (skyblock-lobby) Fire spread is UNRESTRICTED.
[11:47:33] [Server thread/INFO]: [WorldGuard] Loaded configuration for world 'skyblock-lobby'
[11:47:33] [Server thread/INFO]: [WorldGuard] (Lobby_nether) TNT ignition is PERMITTED.
[11:47:33] [Server thread/INFO]: [WorldGuard] (Lobby_nether) Lighters are PERMITTED.
[11:47:33] [Server thread/INFO]: [WorldGuard] (Lobby_nether) Lava fire is PERMITTED.
[11:47:33] [Server thread/INFO]: [WorldGuard] (Lobby_nether) Fire spread is UNRESTRICTED.
[11:47:33] [Server thread/INFO]: [WorldGuard] Loaded configuration for world 'Lobby_nether'
[11:47:33] [Server thread/INFO]: [WorldGuard] Loading region data...
[11:47:33] [Server thread/INFO]: [Essentials] Enabling Essentials v2.21.0
[11:47:34] [Server thread/ERROR]: [Essentials] You are running an unsupported server version!
[11:47:34] [Server thread/WARN]: [Essentials] Version mismatch! Please update EssentialsSpawn to the same version.
[11:47:34] [Server thread/INFO]: [Essentials] Attempting to convert old kits in config.yml to new kits.yml
[11:47:34] [Server thread/INFO]: [Essentials] No kits found to migrate.
[11:47:34] [Server thread/INFO]: [Essentials] Selected Reflection Online Mode Provider as the provider for OnlineModeProvider
[11:47:34] [Server thread/INFO]: [Essentials] Selected Reflection Sync Commands Provider as the provider for SyncCommandsProvider
[11:47:34] [Server thread/INFO]: [Essentials] Selected 1.12.2+ Player Locale Provider as the provider for PlayerLocaleProvider
[11:47:34] [Server thread/INFO]: [Essentials] Selected Reflection Formatted Command Alias Provider as the provider for FormattedCommandAliasProvider
[11:47:34] [Server thread/INFO]: [Essentials] Selected Paper Container Provider as the provider for ContainerProvider
[11:47:34] [Server thread/INFO]: [Essentials] Selected 1.20.4+ Damage Event Provider as the provider for DamageEventProvider
[11:47:34] [Server thread/INFO]: [Essentials] Selected 1.14.4+ Persistent Data Container Provider as the provider for PersistentDataProvider
[11:47:34] [Server thread/INFO]: [Essentials] Selected 1.14+ Sign Data Provider as the provider for SignDataProvider
[11:47:34] [Server thread/INFO]: [Essentials] Selected 1.8.3+ Spawner Item Provider as the provider for SpawnerItemProvider
[11:47:34] [Server thread/INFO]: [Essentials] Selected 1.11+ Item Unbreakable Provider as the provider for ItemUnbreakableProvider
[11:47:34] [Server thread/INFO]: [Essentials] Selected Paper Server State Provider as the provider for ServerStateProvider
[11:47:34] [Server thread/INFO]: [Essentials] Selected Paper Tick Count Provider as the provider for TickCountProvider
[11:47:34] [Server thread/INFO]: [Essentials] Selected Paper Known Commands Provider as the provider for KnownCommandsProvider
[11:47:34] [Server thread/INFO]: [Essentials] Selected Paper Material Tag Provider as the provider for MaterialTagProvider
[11:47:34] [Server thread/INFO]: [Essentials] Selected 1.17.1+ World Info Provider as the provider for WorldInfoProvider
[11:47:34] [Server thread/INFO]: [Essentials] Selected Paper Biome Key Provider as the provider for BiomeKeyProvider
[11:47:34] [Server thread/INFO]: [Essentials] Selected 1.13+ Spawn Egg Provider as the provider for SpawnEggProvider
[11:47:34] [Server thread/INFO]: [Essentials] Selected 1.12+ Spawner Block Provider as the provider for SpawnerBlockProvider
[11:47:34] [Server thread/INFO]: [Essentials] Selected Paper Serialization Provider as the provider for SerializationProvider
[11:47:34] [Server thread/INFO]: [Essentials] Selected 1.20.6+ Potion Meta Provider as the provider for PotionMetaProvider
[11:47:34] [Server thread/INFO]: [Essentials] Selected 1.21+ InventoryView Interface ABI Provider as the provider for InventoryViewProvider
[11:47:34] [Server thread/INFO]: [Essentials] Selected 1.20.5+ Banner Data Provider as the provider for BannerDataProvider
[11:47:34] [Server thread/INFO]: [Essentials] Loaded 43465 items from items.json.
[11:47:34] [Server thread/INFO]: [Essentials] Using locale en
[11:47:34] [Server thread/INFO]: [Essentials] ServerListPingEvent: Spigot iterator API
[11:47:35] [Server thread/INFO]: [Essentials] Starting Metrics. Opt-out using the global bStats config.
[11:47:35] [Server thread/INFO]: [Vault] [Economy] Essentials Economy hooked.
[11:47:35] [Server thread/INFO]: [Essentials] Using Vault based permissions (LuckPerms)
[11:47:35] [Server thread/INFO]: [Citizens] Enabling Citizens v2.0.35-SNAPSHOT (build 3578)
[11:47:35] [Server thread/INFO]: [Citizens] Loading external libraries
[11:47:35] [Server thread/INFO]: [Citizens] Using mojmapped server, avoiding server package checks
[11:47:36] [Server thread/INFO]: [Citizens] Loaded 0 templates.
[11:47:36] [Server thread/INFO]: [PlaceholderAPI] Successfully registered internal expansion: citizensplaceholder [1.0.0]
[11:47:36] [Server thread/INFO]: [Citizens] Loaded economy handling via Vault.
[11:47:36] [Server thread/INFO]: [DecentHolograms] Enabling DecentHolograms v2.8.17
[11:47:36] [Server thread/INFO]: [NBTAPI] [NBTAPI] Found Minecraft: 1.21.1! Trying to find NMS support
[11:47:36] [Server thread/INFO]: [NBTAPI] [NBTAPI] NMS support 'MC1_21_R1' loaded!
[11:47:36] [Server thread/INFO]: [NBTAPI] [NBTAPI] Using the plugin 'DecentHolograms' to create a bStats instance!
[11:47:36] [Server thread/INFO]: [EssentialsChat] Enabling EssentialsChat v2.21.0
[11:47:36] [Server thread/INFO]: [EssentialsChat] Starting Metrics. Opt-out using the global bStats config.
[11:47:36] [Server thread/INFO]: [TAB] Enabling TAB v5.2.0
[11:47:37] [Server thread/INFO]: [TAB] Loaded NMS hook in 110ms
[11:47:37] [Server thread/INFO]: [TAB] [config.yml] [Hint] Refresh interval of %server_tps_1_colored% is same as default interval, therefore there is no need to override it.
[11:47:37] [Server thread/INFO]: [TAB] [config.yml] [Hint] Refresh interval of %player_ping% is same as default interval, therefore there is no need to override it.
[11:47:37] [Server thread/INFO]: [TAB] [WARN] [config.yml] belowname-objective: Missing configuration section "belowname-objective.disable-condition" of type String, using default value %world%=disabledworld.
[11:47:37] [Server thread/INFO]: [TAB] [WARN] [config.yml] header-footer: Missing configuration section "header-footer.disable-condition" of type String, using default value %world%=disabledworld.
[11:47:37] [Server thread/INFO]: [TAB] [WARN] [config.yml] playerlist-objective: Missing configuration section "playerlist-objective.disable-condition" of type String, using default value %world%=disabledworld.
[11:47:37] [Server thread/INFO]: [TAB] [WARN] [config.yml] scoreboard: Missing configuration section "scoreboard.static-number" of type Integer, using default value 0.
[11:47:37] [Server thread/INFO]: [TAB] [WARN] [config.yml] scoreboard: Missing configuration section "scoreboard.delay-on-join-milliseconds" of type Integer, using default value 0.
[11:47:37] [Server thread/INFO]: [TAB] [WARN] [config.yml] tablist-name-formatting: Missing configuration section "tablist-name-formatting.disable-condition" of type String, using default value %world%=disabledworld.
[11:47:37] [Server thread/INFO]: [TAB] [WARN] [config.yml] scoreboard-teams: Missing configuration section "scoreboard-teams.can-see-friendly-invisibles" of type Boolean, using default value false.
[11:47:37] [Server thread/INFO]: [TAB] [WARN] [config.yml] scoreboard-teams: Missing configuration section "scoreboard-teams.disable-condition" of type String, using default value %world%=disabledworld.
[11:47:37] [Server thread/INFO]: [TAB] [WARN] [groups.yml] Unknown property "belowname" defined for group "Owner". Valid properties: [tagprefix, tagsuffix, tabprefix, customtabname, tabsuffix, header, footer]
[11:47:37] [Server thread/INFO]: [TAB] [WARN] [groups.yml] Unknown property "belowname" defined for group "Admin". Valid properties: [tagprefix, tagsuffix, tabprefix, customtabname, tabsuffix, header, footer]
[11:47:37] [Server thread/INFO]: [TAB] [WARN] [groups.yml] Unknown property "belowname" defined for group "Mod". Valid properties: [tagprefix, tagsuffix, tabprefix, customtabname, tabsuffix, header, footer]
[11:47:37] [Server thread/INFO]: [TAB] [WARN] [groups.yml] Unknown property "belowname" defined for group "Helper". Valid properties: [tagprefix, tagsuffix, tabprefix, customtabname, tabsuffix, header, footer]
[11:47:37] [Server thread/INFO]: [TAB] [WARN] [groups.yml] Unknown property "belowname" defined for group "MVP". Valid properties: [tagprefix, tagsuffix, tabprefix, customtabname, tabsuffix, header, footer]
[11:47:37] [Server thread/INFO]: [TAB] [WARN] [groups.yml] Unknown property "belowname" defined for group "VIP". Valid properties: [tagprefix, tagsuffix, tabprefix, customtabname, tabsuffix, header, footer]
[11:47:37] [Server thread/INFO]: [TAB] [WARN] [groups.yml] Unknown property "belowname" defined for group "Player". Valid properties: [tagprefix, tagsuffix, tabprefix, customtabname, tabsuffix, header, footer]
[11:47:37] [Server thread/INFO]: [TAB] [WARN] [groups.yml] Unknown property "belowname" defined for group "_DEFAULT_". Valid properties: [tagprefix, tagsuffix, tabprefix, customtabname, tabsuffix, header, footer]
[11:47:37] [Server thread/INFO]: [PlaceholderAPI] Successfully registered internal expansion: tab [5.2.0]
[11:47:37] [Server thread/INFO]: [TAB] [WARN] Found a total of 16 issues.
[11:47:37] [Server thread/INFO]: [TAB] Enabled in 408ms
[11:47:37] [Server thread/INFO]: [Shopkeepers] Enabling Shopkeepers v2.23.5
[11:47:37] [Server thread/INFO]: [Shopkeepers] Citizens found: Enabling NPC shopkeepers.
[11:47:37] [Server thread/INFO]: [Shopkeepers] Loading the data of 4 shopkeepers ...
[11:47:37] [Server thread/INFO]: [ajLeaderboards] Enabling ajLeaderboards v2.10.1-b261
[11:47:38] [Server thread/INFO]: [ajLeaderboards] Using H2 flatfile for board cache. (h2)
[11:47:39] [Server thread/INFO]: [ajLeaderboards] Loaded 0 boards
[11:47:39] [Server thread/INFO]: [PlaceholderAPI] Successfully registered internal expansion: ajlb [2.10.1-b261]
[11:47:39] [Server thread/INFO]: [ajLeaderboards] PAPI placeholders successfully registered!
[11:47:39] [Server thread/INFO]: [ajLeaderboards] ajLeaderboards v2.10.1-b261 by ajgeiss0702 enabled!
[11:47:39] [Server thread/INFO]: [VoidTeleport] Enabling VoidTeleport v2.4.5
[11:47:39] [Server thread/INFO]: 

                ===================================================
                                    VoidTeleport
                ===================================================

                              Current version: 2.4.5
                        You are running the latest version!

                ===================================================

[11:47:39] [Server thread/INFO]: [VoidTeleport] Developed by EndlessGames.
[11:47:39] [Server thread/INFO]: [CleanPing] Enabling CleanPing v1.6.1
[11:47:40] [Server thread/INFO]: [CleanPing] Downloaded library https://jitpack.io/me/carleslc/Simple-YAML/Simple-Yaml/1.8.4/Simple-Yaml-1.8.4.jar
[11:47:40] [Server thread/INFO]: [CleanPing] Downloaded library https://repo1.maven.org/maven2/org/ow2/asm/asm-commons/9.2/asm-commons-9.2.jar
[11:47:41] [Server thread/INFO]: [CleanPing] Downloaded library https://repo1.maven.org/maven2/org/ow2/asm/asm/9.2/asm-9.2.jar
[11:47:41] [Server thread/INFO]: [CleanPing] Downloaded library https://repo1.maven.org/maven2/me/lucko/jar-relocator/1.5/jar-relocator-1.5.jar
[11:47:41] [pool-112-thread-1/INFO]: [ajLeaderboards] You are up to date! (2.10.1)
[11:47:41] [Server thread/INFO]: [CleanPing] Relocations applied to lib/me/carleslc/Simple-YAML/Simple-Yaml/1.8.4/Simple-Yaml-1.8.4.jar
[11:47:43] [Server thread/INFO]: [CleanPing] Downloaded library https://objects.githubusercontent.com/github-production-release-asset-2e65be/704416798/f262a2d0-ccd2-4c02-b864-023eff33ef32?X-Amz-Algorithm=AWS4-HMAC-SHA256&X-Amz-Credential=releaseassetproduction%2F20250514%2Fus-east-1%2Fs3%2Faws4_request&X-Amz-Date=20250514T114742Z&X-Amz-Expires=300&X-Amz-Signature=4f480f060297d9c58d435385020fb498e1a479e95124eebb2cfe9b6f1231c747&X-Amz-SignedHeaders=host&response-content-disposition=attachment%3B%20filename%3DConfigUpdater-2.1-SNAPSHOT.jar&response-content-type=application%2Foctet-stream
[11:47:43] [Server thread/INFO]: [CleanPing] Relocations applied to lib/com/tchristofferson/ConfigUpdater/2.1-SNAPSHOT/ConfigUpdater-2.1-SNAPSHOT.jar
[11:47:43] [Server thread/INFO]: [CleanPing] 
   ___ _                 ___ _           
  / __| |___ __ _ _ _   | _ (_)_ _  __ _ 
 | (__| / -_) _` | ' \  |  _/ | ' \/ _` |
  \___|_\___\__,_|_||_| |_| |_|_||_\__, |
                                   |___/ 

[11:47:43] [Server thread/INFO]: [CleanPing] Server version: 1.21.1-R0.1-SNAPSHOT
[11:47:43] [Server thread/INFO]: [CleanPing] Loading configuration...
[11:47:43] [Server thread/INFO]: [CleanPing] Loading commands...
[11:47:43] [Server thread/INFO]: [CleanPing] Metrics loaded successfully!
[11:47:43] [Server thread/INFO]: [PlaceholderAPI] Successfully registered internal expansion: cleanping [1.0]
[11:47:43] [Server thread/INFO]: [CleanPing] PlaceholderAPI found, placeholders enabled.
[11:47:43] [Server thread/INFO]: [CleanPing] Plugin successfully loaded!
[11:47:43] [Server thread/INFO]: [Multiverse-Inventories] Enabling Multiverse-Inventories v4.2.8
[11:47:43] [Server thread/INFO]: [Multiverse-Inventories 4.2.8] enabled.
[11:47:43] [Server thread/INFO]: [Chunky] Enabling Chunky v1.4.36
[11:47:43] [Server thread/INFO]: [Multiverse-Portals] Enabling Multiverse-Portals v4.2.3
[11:47:43] [Server thread/INFO]: [Multiverse-Portals] 2 - Portals(s) loaded
[11:47:43] [Server thread/INFO]: [Multiverse-Portals] Found WorldEdit. Using it for selections.
[11:47:43] [Server thread/INFO]: [Multiverse-Portals 4.2.3]  Enabled - By Rigby and fernferret
[11:47:44] [Server thread/INFO]: [EssentialsSpawn] Enabling EssentialsSpawn v2.21.1-dev+15-fe43017
[11:47:44] [Server thread/WARN]: [EssentialsSpawn] Version mismatch! Please update all Essentials jars to the same version.
[11:47:44] [Server thread/INFO]: [EssentialsSpawn] Starting Metrics. Opt-out using the global bStats config.
[11:47:44] [Server thread/INFO]: [CrazyCrates] Enabling CrazyCrates v4.0.6
[11:47:44] [Server thread/INFO]: [PlaceholderAPI] Successfully registered internal expansion: crazycrates [4.0.6]
[11:47:44] [Server thread/INFO]: [TextGenerator] Enabling TextGenerator v1.0.5
[11:47:44] [Server thread/INFO]: [PlaceholderAPI] Successfully registered internal expansion: textgeneratorGeneratedTexts [1.0.5]
[11:47:44] [Server thread/INFO]: [EconomyShopGUI] Enabling EconomyShopGUI v6.12.2
[11:47:44] [Server thread/INFO]: [EconomyShopGUI] [INFO]: Using lang-en.yml as language file.
[11:47:44] [Server thread/INFO]: [EconomyShopGUI] [INFO]: Completed loading 16 section configs from /sections/
[11:47:45] [Server thread/INFO]: [EconomyShopGUI] [INFO]: Completed loading 16 shop configs from /shops/
[11:47:45] [Server thread/INFO]: [EconomyShopGUI] [INFO]: Updating Shop settings...
[11:47:45] [Server thread/INFO]: [EconomyShopGUI] [INFO]: Successfully hooked into Vault and using EssentialsX Economy as economy provider
[11:47:45] [Server thread/INFO]: [EconomyShopGUI] [INFO]: Completed loading 1 economy provider(s) for all 14 shop sections.
[11:47:45] [Server thread/INFO]: [EconomyShopGUI] [INFO]: Using minecraft version 1.21.1...
[11:47:45] [Server thread/INFO]: [EconomyShopGUI] [INFO]: Spawner provider set to AUTO in config
[11:47:45] [Server thread/INFO]: [EconomyShopGUI] [INFO]: Automatically searching for compatible spawner provider....
[11:47:45] [Server thread/INFO]: [EconomyShopGUI] [INFO]: Failed to automatically find compatible spawner provider, using default...
[11:47:45] [Server thread/INFO]: [PlaceholderAPI] Successfully registered internal expansion: esgui [1.1.0]
[11:47:45] [Server thread/INFO]: [EconomyShopGUI] [INFO]: Debug mode is enabled.
[11:47:45] [Server thread/INFO]: [EconomyShopGUI] [INFO]: Loading all items...
[11:47:45] [Server thread/INFO]: [EconomyShopGUI] [INFO]: Initialized - Took 1156ms to complete
[11:47:46] [Server thread/INFO]: [RealScoreboard] Enabling RealScoreboard v1.5.4
[11:47:46] [Server thread/INFO]: [RealScoreboard]    ____            _ ____                     _                         _
[11:47:46] [Server thread/INFO]: [RealScoreboard]   |  _ \ ___  __ _| / ___|  ___ ___  _ __ ___| |__   ___   __ _ _ __ __| |
[11:47:46] [Server thread/INFO]: [RealScoreboard]   | |_) / _ \/ _` | \___ \ / __/ _ \| '__/ _ \ '_ \ / _ \ / _` | '__/ _` |
[11:47:46] [Server thread/INFO]: [RealScoreboard]   |  _ <  __/ (_| | |___) | (_| (_) | | |  __/ |_) | (_) | (_| | | | (_| |
[11:47:46] [Server thread/INFO]: [RealScoreboard]   |_| \_\___|\__,_|_|____/ \___\___/|_|  \___|_.__/ \___/ \__,_|_|  \__,_|
[11:47:46] [Server thread/INFO]: [RealScoreboard]   Made by: JoseGamer_PT 		                      Version: 1.5.4
[11:47:46] [Server thread/INFO]: [RealScoreboard] 
[11:47:46] [Server thread/INFO]: [RealScoreboard] Loaded 2 conditions.
[11:47:46] [Server thread/INFO]: [RealScoreboard] Loaded 1 scoreboards.
[11:47:46] [Server thread/INFO]: [RealScoreboard] Server version: 1.21.1-R0.1-SNAPSHOT
[11:47:46] [Server thread/INFO]: [RealScoreboard] Finished loading in 0.69 seconds.
[11:47:46] [Server thread/INFO]: [RealScoreboard] <------------------ RealScoreboard v1.5.4 ------------------>
[11:47:46] [Server thread/INFO]: [PlayerAuctions] Enabling PlayerAuctions v1.30.2
[11:47:47] [Server thread/INFO]: [PlayerAuctions] Vault found, now enabling PlayerAuctions...
[11:47:49] [Server thread/INFO]: [PlayerAuctions] Found 21 config files to load!
[11:47:53] [Server thread/INFO]: [PlayerAuctions] Permissions plugin found! (LuckPerms)
[11:47:53] [Server thread/INFO]: [PlayerAuctions] Economy plugin found! (EssentialsX Economy)
[11:47:53] [Server thread/INFO]: [PlayerAuctions] Chat plugin found! (LuckPerms)
[11:47:53] [Server thread/INFO]: [PlayerAuctions] Found PlaceholderAPI integrating support...
[11:47:53] [Server thread/INFO]: [PlayerAuctions] Found Vault Currency integrating support...
[11:47:53] [Server thread/INFO]: [PlayerAuctions] Found Product Converter integrating support...
[11:47:53] [Server thread/INFO]: [PlayerAuctions] Found Item Currency integrating support...
[11:47:53] [Server thread/INFO]: [PlayerAuctions] Found XP Currency integrating support...
[11:47:53] [Server thread/INFO]: [PlayerAuctions] SQLite database is enabling...
[11:47:53] [Server thread/INFO]: [PlayerAuctions] Loading Metrics...
[11:47:53] [Server thread/INFO]: [PlayerAuctions] Successfully loaded Metrics!
[11:47:53] [Server thread/INFO]: [spark] Starting background profiler...
[11:47:53] [Server thread/INFO]: [PlaceholderAPI] Placeholder expansion registration initializing...
[11:47:53] [Server thread/INFO]: Done preparing level "lobby-githaven" (50.768s)
[11:47:54] [Server thread/INFO]: Running delayed init tasks
[11:47:54] [Craft Scheduler Thread - 5 - Essentials/INFO]: [Essentials] Fetching version information...
[11:47:54] [Craft Scheduler Thread - 10 - PlayerAuctions/INFO]: [PlayerAuctions] Loading auction items...
[11:47:54] [Craft Scheduler Thread - 6 - DecentHolograms/INFO]: [DecentHolograms] Loading holograms... 
[11:47:54] [Craft Scheduler Thread - 6 - DecentHolograms/INFO]: [DecentHolograms] Loaded 5 holograms!
[11:47:54] [Server thread/INFO]: [SuperiorSkyblock2] Using LuckPerms as a permissions provider.
[11:47:54] [Craft Scheduler Thread - 12 - Vault/INFO]: [Vault] Checking for Updates ... 
[11:47:54] [Craft Scheduler Thread - 11 - RealScoreboard/INFO]: [RealScoreboard] The plugin is updated to the latest version.
[11:47:54] [Server thread/INFO]: [SuperiorSkyblock2] Hooked into Essentials for support of vanish status of players.
[11:47:54] [Server thread/INFO]: [SuperiorSkyblock2] Hooked into Essentials for support of afk status of players.
[11:47:54] [Server thread/INFO]: [SuperiorSkyblock2] Using Vault as an economy provider.
[11:47:54] [Server thread/INFO]: [PlaceholderAPI] Successfully registered internal expansion: superior [2025.1]
[11:47:54] [Server thread/INFO]: [SuperiorSkyblock2] Using PlaceholderAPI for placeholders support.
[11:47:54] [Server thread/INFO]: [SuperiorSkyblock2] Detected PaperSpigot - Using async chunk-loading support with PaperMC.
[11:47:54] [Server thread/INFO]: [Essentials] Essentials found a compatible payment resolution method: Vault Compatibility Layer (v1.7.3-b131)!
[11:47:54] [Craft Scheduler Thread - 12 - Vault/INFO]: [Vault] No new version available
[11:47:54] [Server thread/INFO]: [PlaceholderAPI] Successfully registered internal expansion: pa [1.30.2]
[11:47:54] [Server thread/INFO]: [Citizens] Loaded 2 NPCs.
[11:47:54] [Server thread/INFO]: [Multiverse-Inventories] First run!
[11:47:54] [Server thread/INFO]: [PlaceholderAPI] Successfully registered external expansion: vault [1.8.3]
[11:47:54] [Server thread/INFO]: [PlaceholderAPI] Successfully registered external expansion: server [2.7.3]
[11:47:54] [Server thread/INFO]: [PlaceholderAPI] Successfully registered external expansion: formatter [2.8.0]
[11:47:54] [Server thread/INFO]: 3 placeholder hook(s) registered!
[11:47:54] [Server thread/INFO]: Done (94.209s)! For help, type "help"
[11:47:54] [Server thread/INFO]: Timings Reset
[11:48:08] [User Authenticator #0/INFO]: UUID of player Milhae77 is 2e3183ef-c877-49ba-aef1-c3e6ea4a4ec3
[11:48:10] [Server thread/INFO]: Environment: Environment[sessionHost=https://sessionserver.mojang.com, servicesHost=https://api.minecraftservices.com, name=PROD]
[11:48:10] [Server thread/INFO]: Milhae77 joined the game
[11:48:10] [Server thread/INFO]: Milhae77[/127.236.19.54:41921] logged in with entity id 111 at ([lobby-githaven]0.47536018482490056, -18.0, -15.43542922502833)
[11:48:10] [Craft Scheduler Thread - 13 - RealScoreboard/INFO]: [RealScoreboard] Using 1.17+ ping method.
[11:48:22] [Server thread/INFO]: Milhae77 issued server command: /ajlb add vault_eco_balance
[11:48:29] [Server thread/INFO]: Milhae77 issued server command: /papi ecloud download Vault
[11:48:29] [placeholderapi-io-#0/INFO]: [PlaceholderAPI] Fetching available expansion information...
[11:48:33] [Server thread/INFO]: Milhae77 issued server command: /papi reload
[11:48:33] [Server thread/INFO]: [PlaceholderAPI] Placeholder expansion registration initializing...
[11:48:33] [Server thread/INFO]: [PlaceholderAPI] Fetching available expansion information...
[11:48:34] [Server thread/INFO]: [PlaceholderAPI] Successfully registered external expansion: vault [1.8.3]
[11:48:34] [Server thread/INFO]: [PlaceholderAPI] Successfully registered external expansion: server [2.7.3]
[11:48:34] [Server thread/INFO]: [PlaceholderAPI] Successfully registered external expansion: formatter [2.8.0]
[11:48:40] [Server thread/INFO]: Milhae77 issued server command: /ajlb reload
[11:48:44] [Server thread/INFO]: Milhae77 issued server command: /dh reload
[11:48:44] [Craft Scheduler Thread - 13 - DecentHolograms/INFO]: [DecentHolograms] Loading holograms... 
[11:48:44] [Craft Scheduler Thread - 13 - DecentHolograms/INFO]: [DecentHolograms] Loaded 5 holograms!
[11:48:54] [Server thread/INFO]: Milhae77 issued server command: /dh list
[11:49:03] [Server thread/INFO]: Milhae77 lost connection: Disconnected
[11:49:03] [Server thread/INFO]: Milhae77 left the game
[11:49:05] [User Authenticator #0/INFO]: UUID of player Milhae77 is 2e3183ef-c877-49ba-aef1-c3e6ea4a4ec3
[11:49:07] [Server thread/INFO]: Milhae77 joined the game
[11:49:07] [Server thread/INFO]: Milhae77[/127.236.19.54:34981] logged in with entity id 144 at ([lobby-githaven]0.47536018482490056, -18.0, -15.43542922502833)
[11:50:07] [Server thread/INFO]: Milhae77 issued server command: /papi ecloud download ajLeaderboards
[11:50:38] [Server thread/INFO]: Milhae77 issued server command: /ajlb add vault_eco_balance
[11:50:56] [Server thread/INFO]: Milhae77 issued server command: /papi reload
[11:50:56] [Server thread/INFO]: [PlaceholderAPI] Placeholder expansion registration initializing...
[11:50:56] [Server thread/INFO]: [PlaceholderAPI] Fetching available expansion information...
[11:50:56] [Server thread/INFO]: [PlaceholderAPI] Successfully registered external expansion: vault [1.8.3]
[11:50:56] [Server thread/INFO]: [PlaceholderAPI] Successfully registered external expansion: server [2.7.3]
[11:50:56] [Server thread/INFO]: [PlaceholderAPI] Successfully registered external expansion: formatter [2.8.0]
[11:51:00] [Server thread/INFO]: Milhae77 issued server command: /dh reload
[11:51:00] [Craft Scheduler Thread - 13 - DecentHolograms/INFO]: [DecentHolograms] Loading holograms... 
[11:51:00] [Craft Scheduler Thread - 13 - DecentHolograms/INFO]: [DecentHolograms] Loaded 5 holograms!
[11:51:04] [Server thread/INFO]: Milhae77 issued server command: /ajlb reload
[11:51:14] [Server thread/INFO]: Milhae77 issued server command: /eco give Milhae77 2244444
[11:52:03] [Server thread/INFO]: Unknown or incomplete command, see below for error
/papi list to confirm PlaceholderAPI<--[HERE]
[11:52:06] [Server thread/INFO]: A total of 11 placeholder hook(s) are active: 
ajlb, citizensplaceholder, cleanping, crazycrates, esgui, formatter, pa, server, superior, tab
vault
[11:52:25] [Async Chat Thread - #1/INFO]: [Owner] Milhae77: > papi list to confirm PlaceholderAPI[11:52:06 INFO]: A total of 11 placeholder hook(s) are active: ajlb, citizensplaceholder, cleanping, crazycrates, esgui, formatter, pa, server, superior, tabvault
[11:52:54] [Server thread/INFO]: Milhae77 issued server command: /papi ecloud download ParseOther
[11:52:55] [placeholderapi-io-#4/INFO]: [PlaceholderAPI] Fetching available expansion information...
[11:52:58] [Server thread/INFO]: Milhae77 issued server command: /papi reload
[11:52:58] [Server thread/INFO]: [PlaceholderAPI] Placeholder expansion registration initializing...
[11:52:58] [Server thread/INFO]: [PlaceholderAPI] Fetching available expansion information...
[11:52:58] [Server thread/INFO]: [PlaceholderAPI] Successfully registered external expansion: parseother [2.0.0]
[11:52:58] [Server thread/INFO]: [PlaceholderAPI] Successfully registered external expansion: vault [1.8.3]
[11:52:58] [Server thread/INFO]: [PlaceholderAPI] Successfully registered external expansion: server [2.7.3]
[11:52:58] [Server thread/INFO]: [PlaceholderAPI] Successfully registered external expansion: formatter [2.8.0]
[11:53:03] [Server thread/INFO]: Milhae77 issued server command: /ajlb add vault_eco_balance
[11:53:15] [Server thread/INFO]: Milhae77 issued server command: /dh reload
[11:53:15] [Craft Scheduler Thread - 15 - DecentHolograms/INFO]: [DecentHolograms] Loading holograms... 
[11:53:15] [Craft Scheduler Thread - 15 - DecentHolograms/INFO]: [DecentHolograms] Loaded 5 holograms!
[11:53:25] [Server thread/INFO]: Milhae77 issued server command: /ajlb list vault_eco_balance
[11:53:33] [Craft Scheduler Thread - 10 - ajLeaderboards/INFO]: Top for vault_eco_balance alltime
1. --- - ---
2. --- - ---
3. --- - ---
4. --- - ---
5. --- - ---
6. --- - ---
7. --- - ---
8. --- - ---
9. --- - ---
10. --- - ---
[11:54:51] [Server thread/INFO]: A total of 12 placeholder hook(s) are active: 
ajlb, citizensplaceholder, cleanping, crazycrates, esgui, formatter, pa, parseother, server, superior
tab, vault
[11:55:44] [Server thread/INFO]: Milhae77 issued server command: /dh reload
[11:55:44] [Craft Scheduler Thread - 10 - DecentHolograms/INFO]: [DecentHolograms] Loading holograms... 
[11:55:44] [Craft Scheduler Thread - 10 - DecentHolograms/INFO]: [DecentHolograms] Loaded 5 holograms!
[11:55:52] [Server thread/INFO]: Milhae77 issued server command: /ajlb updateplayer vault_eco_balance Milhae77
[11:56:06] [Craft Scheduler Thread - 6 - ajLeaderboards/INFO]: Warning: That player has the dontupdate permission. This player will not be automatically updated!
Read more on the wiki (click me)

[11:56:06] [Craft Scheduler Thread - 6 - ajLeaderboards/INFO]: Attempted to update stat for Milhae77 on board vault_eco_balance
[11:56:42] [Server thread/INFO]: Milhae77 issued server command: /eco give Milhae77 33333333
[11:56:46] [Server thread/INFO]: Milhae77 issued server command: /dh reload
[11:56:46] [Craft Scheduler Thread - 8 - DecentHolograms/INFO]: [DecentHolograms] Loading holograms... 
[11:56:46] [Craft Scheduler Thread - 8 - DecentHolograms/INFO]: [DecentHolograms] Loaded 5 holograms!
[11:57:11] [Server thread/INFO]: Milhae77 issued server command: /ajlb updateplayer vault_eco_balance Milhae77
[11:57:47] [Server thread/INFO]: Milhae77 issued server command: /lp user Milhae77 permission info
[11:58:04] [Server thread/INFO]: Milhae77 issued server command: /lp user Milhae77 permission unset ajleaderboards.dontupdate.vault_eco_balance
[11:58:09] [Server thread/INFO]: Milhae77 issued server command: /ajlb updateplayer vault_eco_balance Milhae77
[11:59:10] [Server thread/INFO]: Milhae77 issued server command: /ajlb updateplayer vault_eco_balance UciwaSolihin_SH
[12:00:41] [Server thread/INFO]: Milhae77 issued server command: /ajlb reload
[12:01:08] [Server thread/INFO]: Milhae77 issued server command: /dh reload
[12:01:08] [Craft Scheduler Thread - 13 - DecentHolograms/INFO]: [DecentHolograms] Loading holograms... 
[12:01:08] [Craft Scheduler Thread - 13 - DecentHolograms/INFO]: [DecentHolograms] Loaded 5 holograms!
[12:01:18] [Server thread/INFO]: Milhae77 issued server command: /papi ecloud download Vault
[12:01:18] [placeholderapi-io-#7/INFO]: [PlaceholderAPI] Fetching available expansion information...
[12:01:20] [Server thread/INFO]: Milhae77 issued server command: /papi relaod
[12:01:24] [Server thread/INFO]: Milhae77 issued server command: /papi reload
[12:01:24] [Server thread/INFO]: [PlaceholderAPI] Placeholder expansion registration initializing...
[12:01:24] [Server thread/INFO]: [PlaceholderAPI] Fetching available expansion information...
[12:01:24] [Server thread/INFO]: [PlaceholderAPI] Successfully registered external expansion: parseother [2.0.0]
[12:01:24] [Server thread/INFO]: [PlaceholderAPI] Successfully registered external expansion: vault [1.8.3]
[12:01:24] [Server thread/INFO]: [PlaceholderAPI] Successfully registered external expansion: server [2.7.3]
[12:01:24] [Server thread/INFO]: [PlaceholderAPI] Successfully registered external expansion: formatter [2.8.0]
[12:02:38] [Server thread/INFO]: Milhae77 lost connection: Disconnected
[12:02:38] [Server thread/INFO]: Milhae77 left the game
[12:02:40] [Server thread/INFO]: Stopping server
[12:02:40] [Server thread/INFO]: [PlayerAuctions] Disabling PlayerAuctions v1.30.2
[12:02:40] [Server thread/INFO]: [RealScoreboard] Disabling RealScoreboard v1.5.4
[12:02:40] [Server thread/INFO]: [EconomyShopGUI] Disabling EconomyShopGUI v6.12.2
[12:02:40] [Server thread/INFO]: [TextGenerator] Disabling TextGenerator v1.0.5
[12:02:40] [Server thread/INFO]: [CrazyCrates] Disabling CrazyCrates v4.0.6
[12:02:40] [Server thread/INFO]: [EssentialsSpawn] Disabling EssentialsSpawn v2.21.1-dev+15-fe43017
[12:02:40] [Server thread/INFO]: [Multiverse-Portals] Disabling Multiverse-Portals v4.2.3
[12:02:40] [Server thread/INFO]: [Chunky] Disabling Chunky v1.4.36
[12:02:40] [Server thread/INFO]: [Multiverse-Inventories] Disabling Multiverse-Inventories v4.2.8
[12:02:40] [Server thread/INFO]: [CleanPing] Disabling CleanPing v1.6.1
[12:02:40] [Server thread/INFO]: [CleanPing] Clearing instances...
[12:02:40] [Server thread/INFO]: [CleanPing] Plugin successfully disabled!
[12:02:40] [Server thread/INFO]: [VoidTeleport] Disabling VoidTeleport v2.4.5
[12:02:40] [Server thread/INFO]: [ajLeaderboards] Disabling ajLeaderboards v2.10.1-b261
[12:02:40] [pool-120-thread-1/INFO]: [ajLeaderboards] Shutting down cache method..
[12:02:40] [pool-120-thread-1/INFO]: [ajLeaderboards] Cache method shut down
[12:02:40] [Server thread/INFO]: [ajLeaderboards] Killing remaining workers
[12:02:40] [Server thread/INFO]: [ajLeaderboards] Remaining workers killed
[12:02:40] [Server thread/INFO]: [ajLeaderboards] ajLeaderboards v2.10.1-b261 disabled.
[12:02:40] [Server thread/INFO]: [Shopkeepers] Disabling Shopkeepers v2.23.5
[12:02:41] [Server thread/INFO]: [TAB] Disabling TAB v5.2.0
[12:02:41] [Server thread/INFO]: [TAB] Disabled in 3ms
[12:02:41] [Server thread/INFO]: [EssentialsChat] Disabling EssentialsChat v2.21.0
[12:02:41] [Server thread/INFO]: [DecentHolograms] Disabling DecentHolograms v2.8.17
[12:02:41] [Server thread/INFO]: [Citizens] Disabling Citizens v2.0.35-SNAPSHOT (build 3578)
[12:02:41] [Server thread/INFO]: [Essentials] Disabling Essentials v2.21.0
[12:02:41] [Server thread/INFO]: [Vault] [Economy] Essentials Economy unhooked.
[12:02:41] [Server thread/INFO]: [WorldGuard] Disabling WorldGuard v7.0.12+829a4a4
[12:02:41] [Server thread/INFO]: [WorldGuard] Shutting down executor and cancelling any pending tasks...
[12:02:41] [Server thread/INFO]: [DeluxeHub] Disabling DeluxeHub v3.6.0
[12:02:41] [Server thread/INFO]: [WorldEdit] Disabling WorldEdit v7.3.10-beta-01+cb9fd58
[12:02:41] [Server thread/INFO]: Unregistering com.sk89q.worldedit.bukkit.BukkitServerInterface from WorldEdit
[12:02:41] [Server thread/INFO]: [PlaceholderAPI] Disabling PlaceholderAPI v2.11.6
[12:02:41] [Server thread/INFO]: [Multiverse-Core] Disabling Multiverse-Core v4.3.16
[12:02:41] [Server thread/INFO]: [Vault] Disabling Vault v1.7.3-b131
[12:02:41] [Server thread/INFO]: [SuperiorSkyblock2] Disabling SuperiorSkyblock2 v2025.1
[12:02:41] [Server thread/INFO]: [SuperiorSkyblock2] Disabling the module bank...
[12:02:41] [Server thread/INFO]: [SuperiorSkyblock2] Disabling the module missions...
[12:02:41] [Server thread/INFO]: [SuperiorSkyblock2] Disabling the module generators...
[12:02:41] [Server thread/INFO]: [SuperiorSkyblock2] Disabling the module upgrades...
[12:02:41] [Server thread/INFO]: [SuperiorSkyblock2] Shutting down stats client...
[12:02:41] [Server thread/INFO]: [SuperiorSkyblock2] Shutting down calculation task...
[12:02:41] [Server thread/INFO]: [SuperiorSkyblock2] Shutting down executor
[12:02:41] [Server thread/INFO]: [SuperiorSkyblock2] Shutting down database executor
[12:02:41] [Server thread/INFO]: [SuperiorSkyblock2] Closing database. This may hang the server. Do not shut it down, or data may get lost.
[12:02:41] [Server thread/INFO]: [LuckPerms] Disabling LuckPerms v5.4.164
[12:02:41] [Server thread/INFO]: [LuckPerms] Starting shutdown process...
[12:02:41] [Server thread/INFO]: [LuckPerms] Closing storage...
[12:02:41] [Server thread/INFO]: [LuckPerms] Goodbye!
[12:02:41] [Server thread/INFO]: Saving players
[12:02:41] [Server thread/INFO]: Saving worlds
[12:02:41] [Server thread/INFO]: Saving chunks for level 'ServerLevel[lobby-githaven]'/minecraft:overworld
[12:02:41] [Server thread/INFO]: [ChunkHolderManager] Waiting 60s for chunk system to halt for world 'lobby-githaven'
[12:02:41] [Server thread/INFO]: [ChunkHolderManager] Halted chunk system for world 'lobby-githaven'
[12:02:41] [Server thread/INFO]: [ChunkHolderManager] Saving all chunkholders for world 'lobby-githaven'
[12:02:41] [Server thread/INFO]: [ChunkHolderManager] Saved 46 block chunks, 45 entity chunks, 0 poi chunks in world 'lobby-githaven' in 0.06s
[12:02:41] [Server thread/INFO]: Saving chunks for level 'ServerLevel[lobby-githaven_nether]'/minecraft:the_nether
[12:02:41] [Server thread/INFO]: [ChunkHolderManager] Waiting 60s for chunk system to halt for world 'lobby-githaven_nether'
[12:02:41] [Server thread/INFO]: [ChunkHolderManager] Halted chunk system for world 'lobby-githaven_nether'
[12:02:41] [Server thread/INFO]: [ChunkHolderManager] Saving all chunkholders for world 'lobby-githaven_nether'
[12:02:41] [Server thread/INFO]: [ChunkHolderManager] Saved 0 block chunks, 0 entity chunks, 0 poi chunks in world 'lobby-githaven_nether' in 0.00s
[12:02:41] [Server thread/INFO]: Saving chunks for level 'ServerLevel[lobby-githaven_the_end]'/minecraft:the_end
[12:02:41] [Server thread/INFO]: [ChunkHolderManager] Waiting 60s for chunk system to halt for world 'lobby-githaven_the_end'
[12:02:41] [Server thread/INFO]: [ChunkHolderManager] Halted chunk system for world 'lobby-githaven_the_end'
[12:02:41] [Server thread/INFO]: [ChunkHolderManager] Saving all chunkholders for world 'lobby-githaven_the_end'
[12:02:41] [Server thread/INFO]: [ChunkHolderManager] Saved 0 block chunks, 10 entity chunks, 0 poi chunks in world 'lobby-githaven_the_end' in 0.01s
[12:02:41] [Server thread/INFO]: Saving chunks for level 'ServerLevel[SuperiorWorld]'/minecraft:superiorworld
[12:02:41] [Server thread/INFO]: [ChunkHolderManager] Waiting 60s for chunk system to halt for world 'SuperiorWorld'
[12:02:41] [Server thread/INFO]: [ChunkHolderManager] Halted chunk system for world 'SuperiorWorld'
[12:02:41] [Server thread/INFO]: [ChunkHolderManager] Saving all chunkholders for world 'SuperiorWorld'
[12:02:41] [Server thread/INFO]: [ChunkHolderManager] Saved 0 block chunks, 0 entity chunks, 0 poi chunks in world 'SuperiorWorld' in 0.00s
[12:02:41] [Server thread/INFO]: Saving chunks for level 'ServerLevel[Lobby_the_end]'/minecraft:lobby_the_end
[12:02:41] [Server thread/INFO]: [ChunkHolderManager] Waiting 60s for chunk system to halt for world 'Lobby_the_end'
[12:02:41] [Server thread/INFO]: [ChunkHolderManager] Halted chunk system for world 'Lobby_the_end'
[12:02:41] [Server thread/INFO]: [ChunkHolderManager] Saving all chunkholders for world 'Lobby_the_end'
[12:02:41] [Server thread/INFO]: [ChunkHolderManager] Saved 0 block chunks, 0 entity chunks, 0 poi chunks in world 'Lobby_the_end' in 0.00s
[12:02:41] [Server thread/INFO]: Saving chunks for level 'ServerLevel[Lobby]'/minecraft:lobby
[12:02:41] [Server thread/INFO]: [ChunkHolderManager] Waiting 60s for chunk system to halt for world 'Lobby'
[12:02:41] [Server thread/INFO]: [ChunkHolderManager] Halted chunk system for world 'Lobby'
[12:02:41] [Server thread/INFO]: [ChunkHolderManager] Saving all chunkholders for world 'Lobby'
[12:02:41] [Server thread/INFO]: [ChunkHolderManager] Saved 0 block chunks, 14 entity chunks, 0 poi chunks in world 'Lobby' in 0.02s
[12:02:41] [Server thread/INFO]: Saving chunks for level 'ServerLevel[smp-lobby]'/minecraft:smp-lobby
[12:02:41] [Server thread/INFO]: [ChunkHolderManager] Waiting 60s for chunk system to halt for world 'smp-lobby'
[12:02:41] [Server thread/INFO]: [ChunkHolderManager] Halted chunk system for world 'smp-lobby'
[12:02:41] [Server thread/INFO]: [ChunkHolderManager] Saving all chunkholders for world 'smp-lobby'
[12:02:41] [Server thread/INFO]: [ChunkHolderManager] Saved 0 block chunks, 0 entity chunks, 0 poi chunks in world 'smp-lobby' in 0.00s
[12:02:41] [Server thread/INFO]: Saving chunks for level 'ServerLevel[skyblock-lobby]'/minecraft:skyblock-lobby
[12:02:41] [Server thread/INFO]: [ChunkHolderManager] Waiting 60s for chunk system to halt for world 'skyblock-lobby'
[12:02:41] [Server thread/INFO]: [ChunkHolderManager] Halted chunk system for world 'skyblock-lobby'
[12:02:41] [Server thread/INFO]: [ChunkHolderManager] Saving all chunkholders for world 'skyblock-lobby'
[12:02:41] [Server thread/INFO]: [ChunkHolderManager] Saved 1 block chunks, 6 entity chunks, 0 poi chunks in world 'skyblock-lobby' in 0.02s
[12:02:41] [Server thread/INFO]: Saving chunks for level 'ServerLevel[Lobby_nether]'/minecraft:lobby_nether
[12:02:41] [Server thread/INFO]: [ChunkHolderManager] Waiting 60s for chunk system to halt for world 'Lobby_nether'
[12:02:41] [Server thread/INFO]: [ChunkHolderManager] Halted chunk system for world 'Lobby_nether'
[12:02:41] [Server thread/INFO]: [ChunkHolderManager] Saving all chunkholders for world 'Lobby_nether'
[12:02:41] [Server thread/INFO]: [ChunkHolderManager] Saved 0 block chunks, 0 entity chunks, 0 poi chunks in world 'Lobby_nether' in 0.00s
[12:02:41] [Server thread/INFO]: ThreadedAnvilChunkStorage (lobby-githaven): All chunks are saved
[12:02:41] [Server thread/INFO]: ThreadedAnvilChunkStorage (DIM-1): All chunks are saved
[12:02:41] [Server thread/INFO]: ThreadedAnvilChunkStorage (DIM1): All chunks are saved
[12:02:41] [Server thread/INFO]: ThreadedAnvilChunkStorage (SuperiorWorld): All chunks are saved
[12:02:41] [Server thread/INFO]: ThreadedAnvilChunkStorage (DIM1): All chunks are saved
[12:02:41] [Server thread/INFO]: ThreadedAnvilChunkStorage (Lobby): All chunks are saved
[12:02:41] [Server thread/INFO]: ThreadedAnvilChunkStorage (smp-lobby): All chunks are saved
[12:02:41] [Server thread/INFO]: ThreadedAnvilChunkStorage (skyblock-lobby): All chunks are saved
[12:02:41] [Server thread/INFO]: ThreadedAnvilChunkStorage (DIM-1): All chunks are saved
[12:02:41] [Server thread/INFO]: ThreadedAnvilChunkStorage: All dimensions are saved
